
===========================================================================
report_checks -unconstrained
===========================================================================
======================= Typical Corner ===================================

Startpoint: wb_rst_i (input port clocked by wb_clk_i)
Endpoint: _523_ (recovery check against rising-edge clock wb_clk_i)
Path Group: asynchronous
Path Type: max

Fanout     Cap    Slew   Delay    Time   Description
-----------------------------------------------------------------------------
                  0.15    0.00    0.00   clock wb_clk_i (rise edge)
                          0.00    0.00   clock network delay (ideal)
                         10.00   10.00 v input external delay
                  0.01    0.00   10.00 v wb_rst_i (in)
     1    0.00                           wb_rst_i (net)
                  0.01    0.00   10.00 v input1/A (sky130_fd_sc_hd__buf_1)
                  0.05    0.09   10.10 v input1/X (sky130_fd_sc_hd__buf_1)
     2    0.01                           net1 (net)
                  0.05    0.00   10.10 v _453_/A (sky130_fd_sc_hd__buf_4)
                  0.08    0.19   10.29 v _453_/X (sky130_fd_sc_hd__buf_4)
    10    0.05                           _251_ (net)
                  0.08    0.00   10.29 v _454_/A (sky130_fd_sc_hd__buf_4)
                  0.08    0.21   10.50 v _454_/X (sky130_fd_sc_hd__buf_4)
    10    0.05                           _252_ (net)
                  0.08    0.00   10.51 v _463_/A (sky130_fd_sc_hd__inv_2)
                  0.03    0.06   10.57 ^ _463_/Y (sky130_fd_sc_hd__inv_2)
     1    0.00                           _034_ (net)
                  0.03    0.00   10.57 ^ _523_/RESET_B (sky130_fd_sc_hd__dfrtp_2)
                                 10.57   data arrival time

                  0.15   50.00   50.00   clock wb_clk_i (rise edge)
                          0.00   50.00   clock network delay (ideal)
                         -0.25   49.75   clock uncertainty
                          0.00   49.75   clock reconvergence pessimism
                                 49.75 ^ _523_/CLK (sky130_fd_sc_hd__dfrtp_2)
                          0.25   50.00   library recovery time
                                 50.00   data required time
-----------------------------------------------------------------------------
                                 50.00   data required time
                                -10.57   data arrival time
-----------------------------------------------------------------------------
                                 39.44   slack (MET)


Startpoint: _531_ (rising edge-triggered flip-flop clocked by wb_clk_i)
Endpoint: io_out[0] (output port clocked by wb_clk_i)
Path Group: wb_clk_i
Path Type: max

Fanout     Cap    Slew   Delay    Time   Description
-----------------------------------------------------------------------------
                  0.15    0.00    0.00   clock wb_clk_i (rise edge)
                          0.00    0.00   clock network delay (ideal)
                  0.15    0.00    0.00 ^ _531_/CLK (sky130_fd_sc_hd__dfrtp_1)
                  0.07    0.45    0.45 v _531_/Q (sky130_fd_sc_hd__dfrtp_1)
     3    0.01                           u_cpu.PC_F[18] (net)
                  0.07    0.00    0.45 v _278_/B (sky130_fd_sc_hd__and2_1)
                  0.06    0.20    0.64 v _278_/X (sky130_fd_sc_hd__and2_1)
     4    0.01                           _133_ (net)
                  0.06    0.00    0.64 v _326_/A (sky130_fd_sc_hd__nor2_1)
                  0.15    0.17    0.81 ^ _326_/Y (sky130_fd_sc_hd__nor2_1)
     2    0.01                           _169_ (net)
                  0.15    0.00    0.81 ^ _386_/B (sky130_fd_sc_hd__xor2_1)
                  0.16    0.20    1.01 ^ _386_/X (sky130_fd_sc_hd__xor2_1)
     1    0.01                           _211_ (net)
                  0.16    0.00    1.01 ^ _387_/B (sky130_fd_sc_hd__xnor2_1)
                  0.18    0.17    1.18 ^ _387_/Y (sky130_fd_sc_hd__xnor2_1)
     1    0.01                           _212_ (net)
                  0.18    0.00    1.18 ^ _391_/A (sky130_fd_sc_hd__xor2_1)
                  0.16    0.20    1.37 ^ _391_/X (sky130_fd_sc_hd__xor2_1)
     1    0.01                           _216_ (net)
                  0.16    0.00    1.37 ^ _392_/B (sky130_fd_sc_hd__xor2_1)
                  0.10    0.15    1.53 ^ _392_/X (sky130_fd_sc_hd__xor2_1)
     1    0.00                           net2 (net)
                  0.10    0.00    1.53 ^ output2/A (sky130_fd_sc_hd__buf_2)
                  0.17    0.23    1.75 ^ output2/X (sky130_fd_sc_hd__buf_2)
     1    0.03                           io_out[0] (net)
                  0.17    0.00    1.75 ^ io_out[0] (out)
                                  1.75   data arrival time

                  0.15   50.00   50.00   clock wb_clk_i (rise edge)
                          0.00   50.00   clock network delay (ideal)
                         -0.25   49.75   clock uncertainty
                          0.00   49.75   clock reconvergence pessimism
                        -10.00   39.75   output external delay
                                 39.75   data required time
-----------------------------------------------------------------------------
                                 39.75   data required time
                                 -1.75   data arrival time
-----------------------------------------------------------------------------
                                 38.00   slack (MET)




===========================================================================
report_checks --slack_max -0.01
============================================================================
======================= Typical Corner ===================================

No paths found.


===========================================================================
 report_check_types -max_slew -max_cap -max_fanout -violators
============================================================================
======================= Typical Corner ===================================



===========================================================================
report_parasitic_annotation -report_unannotated
============================================================================
Found 506 unannotated drivers.
 io_in[0]
 io_in[10]
 io_in[11]
 io_in[12]
 io_in[13]
 io_in[14]
 io_in[15]
 io_in[16]
 io_in[17]
 io_in[18]
 io_in[19]
 io_in[1]
 io_in[20]
 io_in[21]
 io_in[22]
 io_in[23]
 io_in[24]
 io_in[25]
 io_in[26]
 io_in[27]
 io_in[28]
 io_in[29]
 io_in[2]
 io_in[30]
 io_in[31]
 io_in[32]
 io_in[33]
 io_in[34]
 io_in[35]
 io_in[36]
 io_in[37]
 io_in[3]
 io_in[4]
 io_in[5]
 io_in[6]
 io_in[7]
 io_in[8]
 io_in[9]
 wb_clk_i
 wb_rst_i
 _257_/X
 _258_/X
 _259_/X
 _260_/X
 _261_/X
 _262_/X
 _263_/X
 _264_/X
 _265_/X
 _266_/X
 _267_/X
 _268_/X
 _269_/X
 _270_/X
 _271_/X
 _272_/X
 _273_/X
 _274_/X
 _275_/X
 _276_/X
 _277_/X
 _278_/X
 _279_/X
 _280_/X
 _281_/X
 _282_/X
 _283_/X
 _284_/X
 _285_/X
 _286_/X
 _287_/X
 _288_/X
 _289_/X
 _290_/X
 _291_/X
 _292_/X
 _293_/X
 _294_/X
 _295_/X
 _296_/X
 _297_/Y
 _298_/Y
 _299_/X
 _300_/X
 _301_/X
 _302_/X
 _303_/X
 _304_/Y
 _305_/Y
 _306_/X
 _307_/X
 _308_/X
 _309_/X
 _310_/X
 _311_/Y
 _312_/Y
 _313_/X
 _314_/X
 _315_/X
 _316_/X
 _317_/X
 _318_/Y
 _319_/Y
 _320_/X
 _321_/X
 _322_/X
 _323_/X
 _324_/X
 _325_/Y
 _326_/Y
 _327_/X
 _328_/X
 _329_/X
 _330_/X
 _331_/X
 _332_/X
 _333_/X
 _334_/X
 _335_/X
 _336_/X
 _337_/X
 _338_/X
 _339_/X
 _340_/X
 _341_/X
 _342_/X
 _343_/Y
 _344_/Y
 _345_/X
 _346_/X
 _347_/X
 _348_/X
 _349_/X
 _350_/X
 _351_/X
 _352_/X
 _353_/X
 _354_/X
 _355_/Y
 _356_/Y
 _357_/X
 _358_/X
 _359_/X
 _360_/X
 _361_/X
 _362_/X
 _363_/X
 _364_/X
 _365_/X
 _366_/X
 _367_/X
 _368_/X
 _369_/X
 _370_/X
 _371_/X
 _372_/X
 _373_/Y
 _374_/Y
 _375_/X
 _376_/X
 _377_/X
 _378_/X
 _379_/Y
 _380_/Y
 _381_/Y
 _382_/Y
 _383_/X
 _384_/Y
 _385_/Y
 _386_/X
 _387_/Y
 _388_/Y
 _389_/Y
 _390_/Y
 _391_/X
 _392_/X
 _393_/Y
 _394_/X
 _395_/X
 _396_/Y
 _397_/Y
 _398_/Y
 _399_/Y
 _400_/Y
 _401_/X
 _402_/X
 _403_/X
 _404_/Y
 _405_/X
 _406_/X
 _407_/X
 _408_/X
 _409_/Y
 _410_/Y
 _411_/X
 _412_/Y
 _413_/Y
 _414_/X
 _415_/X
 _416_/X
 _417_/X
 _418_/X
 _419_/X
 _420_/X
 _421_/X
 _422_/X
 _423_/X
 _424_/X
 _425_/X
 _426_/Y
 _427_/Y
 _428_/X
 _429_/X
 _430_/X
 _431_/X
 _432_/X
 _433_/X
 _434_/X
 _435_/X
 _436_/X
 _437_/X
 _438_/X
 _439_/X
 _440_/Y
 _441_/Y
 _442_/X
 _443_/X
 _444_/X
 _445_/Y
 _446_/X
 _447_/X
 _448_/X
 _449_/Y
 _450_/X
 _451_/X
 _452_/X
 _453_/X
 _454_/X
 _455_/Y
 _456_/Y
 _457_/Y
 _458_/Y
 _459_/Y
 _460_/Y
 _461_/Y
 _462_/Y
 _463_/Y
 _464_/Y
 _465_/X
 _466_/Y
 _467_/Y
 _468_/Y
 _469_/Y
 _470_/Y
 _471_/Y
 _472_/Y
 _473_/Y
 _474_/Y
 _475_/Y
 _476_/X
 _477_/Y
 _478_/Y
 _479_/Y
 _480_/Y
 _481_/Y
 _482_/Y
 _483_/Y
 _484_/Y
 _485_/Y
 _486_/Y
 _487_/X
 _488_/Y
 _489_/Y
 _490_/Y
 _491_/Y
 _492_/Y
 _493_/Y
 _494_/Y
 _495_/Y
 _496_/Y
 _497_/Y
 _498_/X
 _499_/Y
 _500_/Y
 _501_/Y
 _502_/Y
 _503_/Y
 _504_/Y
 _505_/Y
 _506_/Y
 _507_/Y
 _508_/Y
 _509_/Y
 _510_/Y
 _511_/Y
 _512_/Y
 _513_/Y
 _514_/Y
 _515_/Q
 _516_/Q
 _517_/Q
 _518_/Q
 _519_/Q
 _520_/Q
 _521_/Q
 _522_/Q
 _523_/Q
 _524_/Q
 _525_/Q
 _526_/Q
 _527_/Q
 _528_/Q
 _529_/Q
 _530_/Q
 _531_/Q
 _532_/Q
 _533_/Q
 _534_/Q
 _535_/Q
 _536_/Q
 _537_/Q
 _538_/Q
 _539_/Q
 _540_/Q
 _541_/Q
 _542_/Q
 _543_/Q
 _544_/Q
 _545_/Q
 _546_/Q
 _547_/Q
 _548_/Q
 _549_/Q
 _550_/Q
 _551_/Q
 _552_/Q
 _553_/Q
 _554_/Q
 _555_/Q
 _556_/Q
 _557_/Q
 _558_/Q
 _559_/Q
 _560_/Q
 _561_/Q
 _562_/Q
 _563_/Q
 _564_/Q
 _565_/Q
 _566_/Q
 _567_/Q
 _568_/Q
 _569_/Q
 _570_/Q
 input1/X
 output2/X
 vajra_caravel_soc_10/HI
 vajra_caravel_soc_10/LO
 vajra_caravel_soc_11/HI
 vajra_caravel_soc_11/LO
 vajra_caravel_soc_12/HI
 vajra_caravel_soc_12/LO
 vajra_caravel_soc_13/HI
 vajra_caravel_soc_13/LO
 vajra_caravel_soc_14/HI
 vajra_caravel_soc_14/LO
 vajra_caravel_soc_15/HI
 vajra_caravel_soc_15/LO
 vajra_caravel_soc_16/HI
 vajra_caravel_soc_16/LO
 vajra_caravel_soc_17/HI
 vajra_caravel_soc_17/LO
 vajra_caravel_soc_18/HI
 vajra_caravel_soc_18/LO
 vajra_caravel_soc_19/HI
 vajra_caravel_soc_19/LO
 vajra_caravel_soc_20/HI
 vajra_caravel_soc_20/LO
 vajra_caravel_soc_21/HI
 vajra_caravel_soc_21/LO
 vajra_caravel_soc_22/HI
 vajra_caravel_soc_22/LO
 vajra_caravel_soc_23/HI
 vajra_caravel_soc_23/LO
 vajra_caravel_soc_24/HI
 vajra_caravel_soc_24/LO
 vajra_caravel_soc_25/HI
 vajra_caravel_soc_25/LO
 vajra_caravel_soc_26/HI
 vajra_caravel_soc_26/LO
 vajra_caravel_soc_27/HI
 vajra_caravel_soc_27/LO
 vajra_caravel_soc_28/HI
 vajra_caravel_soc_28/LO
 vajra_caravel_soc_29/HI
 vajra_caravel_soc_29/LO
 vajra_caravel_soc_3/HI
 vajra_caravel_soc_3/LO
 vajra_caravel_soc_30/HI
 vajra_caravel_soc_30/LO
 vajra_caravel_soc_31/HI
 vajra_caravel_soc_31/LO
 vajra_caravel_soc_32/HI
 vajra_caravel_soc_32/LO
 vajra_caravel_soc_33/HI
 vajra_caravel_soc_33/LO
 vajra_caravel_soc_34/HI
 vajra_caravel_soc_34/LO
 vajra_caravel_soc_35/HI
 vajra_caravel_soc_35/LO
 vajra_caravel_soc_36/HI
 vajra_caravel_soc_36/LO
 vajra_caravel_soc_37/HI
 vajra_caravel_soc_37/LO
 vajra_caravel_soc_38/HI
 vajra_caravel_soc_38/LO
 vajra_caravel_soc_39/HI
 vajra_caravel_soc_39/LO
 vajra_caravel_soc_4/HI
 vajra_caravel_soc_4/LO
 vajra_caravel_soc_40/HI
 vajra_caravel_soc_40/LO
 vajra_caravel_soc_41/HI
 vajra_caravel_soc_41/LO
 vajra_caravel_soc_42/HI
 vajra_caravel_soc_42/LO
 vajra_caravel_soc_43/HI
 vajra_caravel_soc_43/LO
 vajra_caravel_soc_44/HI
 vajra_caravel_soc_44/LO
 vajra_caravel_soc_45/HI
 vajra_caravel_soc_45/LO
 vajra_caravel_soc_46/HI
 vajra_caravel_soc_46/LO
 vajra_caravel_soc_47/HI
 vajra_caravel_soc_47/LO
 vajra_caravel_soc_48/HI
 vajra_caravel_soc_48/LO
 vajra_caravel_soc_49/HI
 vajra_caravel_soc_49/LO
 vajra_caravel_soc_5/HI
 vajra_caravel_soc_5/LO
 vajra_caravel_soc_50/HI
 vajra_caravel_soc_50/LO
 vajra_caravel_soc_51/HI
 vajra_caravel_soc_51/LO
 vajra_caravel_soc_52/HI
 vajra_caravel_soc_52/LO
 vajra_caravel_soc_53/HI
 vajra_caravel_soc_53/LO
 vajra_caravel_soc_54/HI
 vajra_caravel_soc_54/LO
 vajra_caravel_soc_55/HI
 vajra_caravel_soc_55/LO
 vajra_caravel_soc_56/HI
 vajra_caravel_soc_56/LO
 vajra_caravel_soc_57/HI
 vajra_caravel_soc_57/LO
 vajra_caravel_soc_58/HI
 vajra_caravel_soc_58/LO
 vajra_caravel_soc_59/HI
 vajra_caravel_soc_59/LO
 vajra_caravel_soc_6/HI
 vajra_caravel_soc_6/LO
 vajra_caravel_soc_60/HI
 vajra_caravel_soc_60/LO
 vajra_caravel_soc_61/HI
 vajra_caravel_soc_61/LO
 vajra_caravel_soc_62/HI
 vajra_caravel_soc_62/LO
 vajra_caravel_soc_63/HI
 vajra_caravel_soc_63/LO
 vajra_caravel_soc_64/HI
 vajra_caravel_soc_64/LO
 vajra_caravel_soc_65/HI
 vajra_caravel_soc_65/LO
 vajra_caravel_soc_66/HI
 vajra_caravel_soc_66/LO
 vajra_caravel_soc_67/HI
 vajra_caravel_soc_67/LO
 vajra_caravel_soc_68/HI
 vajra_caravel_soc_68/LO
 vajra_caravel_soc_69/HI
 vajra_caravel_soc_69/LO
 vajra_caravel_soc_7/HI
 vajra_caravel_soc_7/LO
 vajra_caravel_soc_70/HI
 vajra_caravel_soc_70/LO
 vajra_caravel_soc_71/HI
 vajra_caravel_soc_71/LO
 vajra_caravel_soc_72/HI
 vajra_caravel_soc_72/LO
 vajra_caravel_soc_73/HI
 vajra_caravel_soc_73/LO
 vajra_caravel_soc_74/HI
 vajra_caravel_soc_74/LO
 vajra_caravel_soc_75/HI
 vajra_caravel_soc_75/LO
 vajra_caravel_soc_76/HI
 vajra_caravel_soc_76/LO
 vajra_caravel_soc_77/HI
 vajra_caravel_soc_77/LO
 vajra_caravel_soc_8/HI
 vajra_caravel_soc_8/LO
 vajra_caravel_soc_9/HI
 vajra_caravel_soc_9/LO
Found 0 partially unannotated drivers.

===========================================================================
max slew violation count 0
max fanout violation count 0
max cap violation count 0
============================================================================

===========================================================================
check_setup -verbose -unconstrained_endpoints -multiple_clock -no_clock -no_input_delay -loops -generated_clocks
===========================================================================
Warning: There are 75 unconstrained endpoints.
  io_oeb[0]
  io_oeb[10]
  io_oeb[11]
  io_oeb[12]
  io_oeb[13]
  io_oeb[14]
  io_oeb[15]
  io_oeb[16]
  io_oeb[17]
  io_oeb[18]
  io_oeb[19]
  io_oeb[1]
  io_oeb[20]
  io_oeb[21]
  io_oeb[22]
  io_oeb[23]
  io_oeb[24]
  io_oeb[25]
  io_oeb[26]
  io_oeb[27]
  io_oeb[28]
  io_oeb[29]
  io_oeb[2]
  io_oeb[30]
  io_oeb[31]
  io_oeb[32]
  io_oeb[33]
  io_oeb[34]
  io_oeb[35]
  io_oeb[36]
  io_oeb[37]
  io_oeb[3]
  io_oeb[4]
  io_oeb[5]
  io_oeb[6]
  io_oeb[7]
  io_oeb[8]
  io_oeb[9]
  io_out[10]
  io_out[11]
  io_out[12]
  io_out[13]
  io_out[14]
  io_out[15]
  io_out[16]
  io_out[17]
  io_out[18]
  io_out[19]
  io_out[1]
  io_out[20]
  io_out[21]
  io_out[22]
  io_out[23]
  io_out[24]
  io_out[25]
  io_out[26]
  io_out[27]
  io_out[28]
  io_out[29]
  io_out[2]
  io_out[30]
  io_out[31]
  io_out[32]
  io_out[33]
  io_out[34]
  io_out[35]
  io_out[36]
  io_out[37]
  io_out[3]
  io_out[4]
  io_out[5]
  io_out[6]
  io_out[7]
  io_out[8]
  io_out[9]
