
===========================================================================
 report_power
============================================================================
======================= Fastest Corner ===================================

Group                  Internal  Switching    Leakage      Total
                          Power      Power      Power      Power (Watts)
----------------------------------------------------------------
Sequential             6.08e-05   2.68e-05   2.72e-07   8.78e-05  46.7%
Combinational          5.16e-05   4.85e-05   4.18e-08   1.00e-04  53.3%
Macro                  0.00e+00   0.00e+00   0.00e+00   0.00e+00   0.0%
Pad                    0.00e+00   0.00e+00   0.00e+00   0.00e+00   0.0%
----------------------------------------------------------------
Total                  1.12e-04   7.52e-05   3.14e-07   1.88e-04 100.0%
                          59.8%      40.0%       0.2%

======================= Slowest Corner ===================================

Group                  Internal  Switching    Leakage      Total
                          Power      Power      Power      Power (Watts)
----------------------------------------------------------------
Sequential             4.05e-05   1.77e-05   1.09e-06   5.93e-05  45.8%
Combinational          3.65e-05   3.18e-05   1.73e-06   7.01e-05  54.2%
Macro                  0.00e+00   0.00e+00   0.00e+00   0.00e+00   0.0%
Pad                    0.00e+00   0.00e+00   0.00e+00   0.00e+00   0.0%
----------------------------------------------------------------
Total                  7.70e-05   4.95e-05   2.81e-06   1.29e-04 100.0%
                          59.6%      38.3%       2.2%

======================= Typical Corner ===================================

Group                  Internal  Switching    Leakage      Total
                          Power      Power      Power      Power (Watts)
----------------------------------------------------------------
Sequential             5.25e-05   2.26e-05   2.72e-07   7.54e-05  46.7%
Combinational          4.50e-05   4.09e-05   3.99e-08   8.59e-05  53.3%
Macro                  0.00e+00   0.00e+00   0.00e+00   0.00e+00   0.0%
Pad                    0.00e+00   0.00e+00   0.00e+00   0.00e+00   0.0%
----------------------------------------------------------------
Total                  9.75e-05   6.34e-05   3.12e-07   1.61e-04 100.0%
                          60.5%      39.3%       0.2%

