
===========================================================================
 report_power
============================================================================
======================= Fastest Corner ===================================

Group                  Internal  Switching    Leakage      Total
                          Power      Power      Power      Power (Watts)
----------------------------------------------------------------
Sequential             6.56e-05   1.29e-05   2.65e-07   7.88e-05  40.5%
Combinational          5.96e-05   5.60e-05   4.11e-08   1.16e-04  59.5%
Macro                  0.00e+00   0.00e+00   0.00e+00   0.00e+00   0.0%
Pad                    0.00e+00   0.00e+00   0.00e+00   0.00e+00   0.0%
----------------------------------------------------------------
Total                  1.25e-04   6.89e-05   3.06e-07   1.94e-04 100.0%
                          64.4%      35.4%       0.2%

======================= Slowest Corner ===================================

Group                  Internal  Switching    Leakage      Total
                          Power      Power      Power      Power (Watts)
----------------------------------------------------------------
Sequential             4.38e-05   8.30e-06   1.06e-06   5.32e-05  39.8%
Combinational          4.25e-05   3.65e-05   1.48e-06   8.04e-05  60.2%
Macro                  0.00e+00   0.00e+00   0.00e+00   0.00e+00   0.0%
Pad                    0.00e+00   0.00e+00   0.00e+00   0.00e+00   0.0%
----------------------------------------------------------------
Total                  8.63e-05   4.48e-05   2.54e-06   1.34e-04 100.0%
                          64.6%      33.5%       1.9%

======================= Typical Corner ===================================

Group                  Internal  Switching    Leakage      Total
                          Power      Power      Power      Power (Watts)
----------------------------------------------------------------
Sequential             5.67e-05   1.07e-05   2.65e-07   6.77e-05  40.5%
Combinational          5.24e-05   4.71e-05   3.98e-08   9.95e-05  59.5%
Macro                  0.00e+00   0.00e+00   0.00e+00   0.00e+00   0.0%
Pad                    0.00e+00   0.00e+00   0.00e+00   0.00e+00   0.0%
----------------------------------------------------------------
Total                  1.09e-04   5.78e-05   3.05e-07   1.67e-04 100.0%
                          65.2%      34.6%       0.2%

