
===========================================================================
report_checks -unconstrained
===========================================================================
======================= Fastest Corner ===================================

Startpoint: wb_rst_i (input port clocked by wb_clk_i)
Endpoint: _544_ (recovery check against rising-edge clock wb_clk_i)
Path Group: asynchronous
Path Type: max
Corner: Fastest

Fanout     Cap    Slew   Delay    Time   Description
-----------------------------------------------------------------------------
                          0.00    0.00   clock wb_clk_i (rise edge)
                          0.00    0.00   clock network delay (propagated)
                         10.00   10.00 v input external delay
                  0.00    0.00   10.00 v wb_rst_i (in)
     1    0.00                           wb_rst_i (net)
                  0.00    0.00   10.00 v input1/A (sky130_fd_sc_hd__buf_1)
                  0.04    0.07   10.07 v input1/X (sky130_fd_sc_hd__buf_1)
     2    0.01                           net1 (net)
                  0.04    0.00   10.07 v _453_/A (sky130_fd_sc_hd__buf_4)
                  0.06    0.13   10.20 v _453_/X (sky130_fd_sc_hd__buf_4)
    10    0.06                           _251_ (net)
                  0.06    0.00   10.21 v _476_/A (sky130_fd_sc_hd__buf_4)
                  0.06    0.15   10.35 v _476_/X (sky130_fd_sc_hd__buf_4)
    10    0.06                           _254_ (net)
                  0.06    0.00   10.36 v _486_/A (sky130_fd_sc_hd__inv_2)
                  0.03    0.04   10.40 ^ _486_/Y (sky130_fd_sc_hd__inv_2)
     1    0.00                           _055_ (net)
                  0.03    0.00   10.40 ^ _544_/RESET_B (sky130_fd_sc_hd__dfrtp_1)
                                 10.40   data arrival time

                         50.00   50.00   clock wb_clk_i (rise edge)
                          0.00   50.00   clock source latency
                  0.43    0.29   50.29 ^ wb_clk_i (in)
     3    0.13                           wb_clk_i (net)
                  0.43    0.00   50.29 ^ clkbuf_0_wb_clk_i/A (sky130_fd_sc_hd__clkbuf_16)
                  0.06    0.15   50.44 ^ clkbuf_0_wb_clk_i/X (sky130_fd_sc_hd__clkbuf_16)
     4    0.05                           clknet_0_wb_clk_i (net)
                  0.06    0.00   50.44 ^ clkbuf_2_3__f_wb_clk_i/A (sky130_fd_sc_hd__clkbuf_16)
                  0.04    0.10   50.54 ^ clkbuf_2_3__f_wb_clk_i/X (sky130_fd_sc_hd__clkbuf_16)
    12    0.04                           clknet_2_3__leaf_wb_clk_i (net)
                  0.04    0.00   50.54 ^ _544_/CLK (sky130_fd_sc_hd__dfrtp_1)
                         -0.25   50.29   clock uncertainty
                          0.00   50.29   clock reconvergence pessimism
                          0.15   50.43   library recovery time
                                 50.43   data required time
-----------------------------------------------------------------------------
                                 50.43   data required time
                                -10.40   data arrival time
-----------------------------------------------------------------------------
                                 40.03   slack (MET)


Startpoint: _521_ (rising edge-triggered flip-flop clocked by wb_clk_i)
Endpoint: io_out[0] (output port clocked by wb_clk_i)
Path Group: wb_clk_i
Path Type: max
Corner: Fastest

Fanout     Cap    Slew   Delay    Time   Description
-----------------------------------------------------------------------------
                          0.00    0.00   clock wb_clk_i (rise edge)
                          0.00    0.00   clock source latency
                  0.43    0.32    0.32 ^ wb_clk_i (in)
     3    0.13                           wb_clk_i (net)
                  0.43    0.00    0.32 ^ clkbuf_0_wb_clk_i/A (sky130_fd_sc_hd__clkbuf_16)
                  0.06    0.16    0.48 ^ clkbuf_0_wb_clk_i/X (sky130_fd_sc_hd__clkbuf_16)
     4    0.05                           clknet_0_wb_clk_i (net)
                  0.06    0.00    0.48 ^ clkbuf_2_0__f_wb_clk_i/A (sky130_fd_sc_hd__clkbuf_16)
                  0.06    0.12    0.60 ^ clkbuf_2_0__f_wb_clk_i/X (sky130_fd_sc_hd__clkbuf_16)
    15    0.05                           clknet_2_0__leaf_wb_clk_i (net)
                  0.06    0.00    0.60 ^ _521_/CLK (sky130_fd_sc_hd__dfrtp_1)
                  0.04    0.26    0.86 v _521_/Q (sky130_fd_sc_hd__dfrtp_1)
     3    0.01                           u_cpu.PC_F[8] (net)
                  0.04    0.00    0.86 v _271_/B (sky130_fd_sc_hd__and2_1)
                  0.03    0.11    0.98 v _271_/X (sky130_fd_sc_hd__and2_1)
     2    0.01                           _126_ (net)
                  0.03    0.00    0.98 v _356_/A (sky130_fd_sc_hd__nor2_1)
                  0.12    0.12    1.10 ^ _356_/Y (sky130_fd_sc_hd__nor2_1)
     2    0.01                           _189_ (net)
                  0.12    0.00    1.10 ^ _381_/B (sky130_fd_sc_hd__xnor2_1)
                  0.05    0.06    1.15 v _381_/Y (sky130_fd_sc_hd__xnor2_1)
     1    0.01                           _206_ (net)
                  0.05    0.00    1.15 v _383_/A (sky130_fd_sc_hd__xor2_1)
                  0.05    0.12    1.27 v _383_/X (sky130_fd_sc_hd__xor2_1)
     1    0.01                           _208_ (net)
                  0.05    0.00    1.27 v _384_/B (sky130_fd_sc_hd__xnor2_1)
                  0.22    0.21    1.48 ^ _384_/Y (sky130_fd_sc_hd__xnor2_1)
     1    0.01                           _209_ (net)
                  0.22    0.00    1.48 ^ _392_/A (sky130_fd_sc_hd__xor2_1)
                  0.08    0.09    1.58 ^ _392_/X (sky130_fd_sc_hd__xor2_1)
     1    0.00                           net2 (net)
                  0.08    0.00    1.58 ^ output2/A (sky130_fd_sc_hd__clkbuf_4)
                  0.08    0.15    1.72 ^ output2/X (sky130_fd_sc_hd__clkbuf_4)
     1    0.03                           io_out[0] (net)
                  0.08    0.00    1.72 ^ io_out[0] (out)
                                  1.72   data arrival time

                         50.00   50.00   clock wb_clk_i (rise edge)
                          0.00   50.00   clock network delay (propagated)
                         -0.25   49.75   clock uncertainty
                          0.00   49.75   clock reconvergence pessimism
                        -10.00   39.75   output external delay
                                 39.75   data required time
-----------------------------------------------------------------------------
                                 39.75   data required time
                                 -1.72   data arrival time
-----------------------------------------------------------------------------
                                 38.03   slack (MET)



======================= Slowest Corner ===================================

Startpoint: wb_rst_i (input port clocked by wb_clk_i)
Endpoint: _544_ (recovery check against rising-edge clock wb_clk_i)
Path Group: asynchronous
Path Type: max
Corner: Slowest

Fanout     Cap    Slew   Delay    Time   Description
-----------------------------------------------------------------------------
                          0.00    0.00   clock wb_clk_i (rise edge)
                          0.00    0.00   clock network delay (propagated)
                         10.00   10.00 v input external delay
                  0.02    0.01   10.01 v wb_rst_i (in)
     1    0.00                           wb_rst_i (net)
                  0.02    0.00   10.01 v input1/A (sky130_fd_sc_hd__buf_1)
                  0.10    0.19   10.20 v input1/X (sky130_fd_sc_hd__buf_1)
     2    0.01                           net1 (net)
                  0.10    0.00   10.20 v _453_/A (sky130_fd_sc_hd__buf_4)
                  0.15    0.37   10.57 v _453_/X (sky130_fd_sc_hd__buf_4)
    10    0.06                           _251_ (net)
                  0.15    0.00   10.57 v _476_/A (sky130_fd_sc_hd__buf_4)
                  0.15    0.40   10.98 v _476_/X (sky130_fd_sc_hd__buf_4)
    10    0.06                           _254_ (net)
                  0.15    0.00   10.98 v _486_/A (sky130_fd_sc_hd__inv_2)
                  0.06    0.11   11.09 ^ _486_/Y (sky130_fd_sc_hd__inv_2)
     1    0.00                           _055_ (net)
                  0.06    0.00   11.09 ^ _544_/RESET_B (sky130_fd_sc_hd__dfrtp_1)
                                 11.09   data arrival time

                         50.00   50.00   clock wb_clk_i (rise edge)
                          0.00   50.00   clock source latency
                  0.92    0.62   50.62 ^ wb_clk_i (in)
     3    0.13                           wb_clk_i (net)
                  0.92    0.00   50.62 ^ clkbuf_0_wb_clk_i/A (sky130_fd_sc_hd__clkbuf_16)
                  0.12    0.55   51.16 ^ clkbuf_0_wb_clk_i/X (sky130_fd_sc_hd__clkbuf_16)
     4    0.05                           clknet_0_wb_clk_i (net)
                  0.12    0.00   51.16 ^ clkbuf_2_3__f_wb_clk_i/A (sky130_fd_sc_hd__clkbuf_16)
                  0.09    0.25   51.42 ^ clkbuf_2_3__f_wb_clk_i/X (sky130_fd_sc_hd__clkbuf_16)
    12    0.04                           clknet_2_3__leaf_wb_clk_i (net)
                  0.09    0.00   51.42 ^ _544_/CLK (sky130_fd_sc_hd__dfrtp_1)
                         -0.25   51.17   clock uncertainty
                          0.00   51.17   clock reconvergence pessimism
                          0.47   51.64   library recovery time
                                 51.64   data required time
-----------------------------------------------------------------------------
                                 51.64   data required time
                                -11.09   data arrival time
-----------------------------------------------------------------------------
                                 40.56   slack (MET)


Startpoint: _525_ (rising edge-triggered flip-flop clocked by wb_clk_i)
Endpoint: io_out[0] (output port clocked by wb_clk_i)
Path Group: wb_clk_i
Path Type: max
Corner: Slowest

Fanout     Cap    Slew   Delay    Time   Description
-----------------------------------------------------------------------------
                          0.00    0.00   clock wb_clk_i (rise edge)
                          0.00    0.00   clock source latency
                  0.92    0.68    0.68 ^ wb_clk_i (in)
     3    0.13                           wb_clk_i (net)
                  0.92    0.00    0.68 ^ clkbuf_0_wb_clk_i/A (sky130_fd_sc_hd__clkbuf_16)
                  0.12    0.61    1.29 ^ clkbuf_0_wb_clk_i/X (sky130_fd_sc_hd__clkbuf_16)
     4    0.05                           clknet_0_wb_clk_i (net)
                  0.12    0.00    1.29 ^ clkbuf_2_0__f_wb_clk_i/A (sky130_fd_sc_hd__clkbuf_16)
                  0.11    0.30    1.59 ^ clkbuf_2_0__f_wb_clk_i/X (sky130_fd_sc_hd__clkbuf_16)
    15    0.05                           clknet_2_0__leaf_wb_clk_i (net)
                  0.11    0.00    1.59 ^ _525_/CLK (sky130_fd_sc_hd__dfrtp_1)
                  0.11    0.83    2.41 v _525_/Q (sky130_fd_sc_hd__dfrtp_1)
     3    0.01                           u_cpu.PC_F[12] (net)
                  0.11    0.00    2.41 v _273_/B (sky130_fd_sc_hd__and2_1)
                  0.11    0.39    2.81 v _273_/X (sky130_fd_sc_hd__and2_1)
     3    0.01                           _128_ (net)
                  0.11    0.00    2.81 v _344_/A (sky130_fd_sc_hd__nor2_1)
                  0.28    0.31    3.11 ^ _344_/Y (sky130_fd_sc_hd__nor2_1)
     2    0.01                           _181_ (net)
                  0.28    0.00    3.11 ^ _382_/A (sky130_fd_sc_hd__xnor2_1)
                  0.28    0.32    3.43 ^ _382_/Y (sky130_fd_sc_hd__xnor2_1)
     1    0.01                           _207_ (net)
                  0.28    0.00    3.43 ^ _383_/B (sky130_fd_sc_hd__xor2_1)
                  0.26    0.39    3.83 ^ _383_/X (sky130_fd_sc_hd__xor2_1)
     1    0.01                           _208_ (net)
                  0.26    0.00    3.83 ^ _384_/B (sky130_fd_sc_hd__xnor2_1)
                  0.52    0.40    4.23 ^ _384_/Y (sky130_fd_sc_hd__xnor2_1)
     1    0.01                           _209_ (net)
                  0.52    0.00    4.23 ^ _392_/A (sky130_fd_sc_hd__xor2_1)
                  0.18    0.38    4.61 ^ _392_/X (sky130_fd_sc_hd__xor2_1)
     1    0.00                           net2 (net)
                  0.18    0.00    4.61 ^ output2/A (sky130_fd_sc_hd__clkbuf_4)
                  0.18    0.40    5.01 ^ output2/X (sky130_fd_sc_hd__clkbuf_4)
     1    0.03                           io_out[0] (net)
                  0.18    0.00    5.01 ^ io_out[0] (out)
                                  5.01   data arrival time

                         50.00   50.00   clock wb_clk_i (rise edge)
                          0.00   50.00   clock network delay (propagated)
                         -0.25   49.75   clock uncertainty
                          0.00   49.75   clock reconvergence pessimism
                        -10.00   39.75   output external delay
                                 39.75   data required time
-----------------------------------------------------------------------------
                                 39.75   data required time
                                 -5.01   data arrival time
-----------------------------------------------------------------------------
                                 34.74   slack (MET)



======================= Typical Corner ===================================

Startpoint: wb_rst_i (input port clocked by wb_clk_i)
Endpoint: _544_ (recovery check against rising-edge clock wb_clk_i)
Path Group: asynchronous
Path Type: max
Corner: Typical

Fanout     Cap    Slew   Delay    Time   Description
-----------------------------------------------------------------------------
                          0.00    0.00   clock wb_clk_i (rise edge)
                          0.00    0.00   clock network delay (propagated)
                         10.00   10.00 v input external delay
                  0.01    0.00   10.00 v wb_rst_i (in)
     1    0.00                           wb_rst_i (net)
                  0.01    0.00   10.00 v input1/A (sky130_fd_sc_hd__buf_1)
                  0.05    0.10   10.10 v input1/X (sky130_fd_sc_hd__buf_1)
     2    0.01                           net1 (net)
                  0.05    0.00   10.10 v _453_/A (sky130_fd_sc_hd__buf_4)
                  0.08    0.20   10.31 v _453_/X (sky130_fd_sc_hd__buf_4)
    10    0.06                           _251_ (net)
                  0.08    0.00   10.31 v _476_/A (sky130_fd_sc_hd__buf_4)
                  0.08    0.22   10.53 v _476_/X (sky130_fd_sc_hd__buf_4)
    10    0.06                           _254_ (net)
                  0.08    0.00   10.53 v _486_/A (sky130_fd_sc_hd__inv_2)
                  0.03    0.06   10.59 ^ _486_/Y (sky130_fd_sc_hd__inv_2)
     1    0.00                           _055_ (net)
                  0.03    0.00   10.59 ^ _544_/RESET_B (sky130_fd_sc_hd__dfrtp_1)
                                 10.59   data arrival time

                         50.00   50.00   clock wb_clk_i (rise edge)
                          0.00   50.00   clock source latency
                  0.58    0.38   50.38 ^ wb_clk_i (in)
     3    0.13                           wb_clk_i (net)
                  0.58    0.00   50.38 ^ clkbuf_0_wb_clk_i/A (sky130_fd_sc_hd__clkbuf_16)
                  0.08    0.27   50.65 ^ clkbuf_0_wb_clk_i/X (sky130_fd_sc_hd__clkbuf_16)
     4    0.05                           clknet_0_wb_clk_i (net)
                  0.08    0.00   50.65 ^ clkbuf_2_3__f_wb_clk_i/A (sky130_fd_sc_hd__clkbuf_16)
                  0.06    0.14   50.79 ^ clkbuf_2_3__f_wb_clk_i/X (sky130_fd_sc_hd__clkbuf_16)
    12    0.04                           clknet_2_3__leaf_wb_clk_i (net)
                  0.06    0.00   50.80 ^ _544_/CLK (sky130_fd_sc_hd__dfrtp_1)
                         -0.25   50.55   clock uncertainty
                          0.00   50.55   clock reconvergence pessimism
                          0.24   50.78   library recovery time
                                 50.78   data required time
-----------------------------------------------------------------------------
                                 50.78   data required time
                                -10.59   data arrival time
-----------------------------------------------------------------------------
                                 40.19   slack (MET)


Startpoint: _531_ (rising edge-triggered flip-flop clocked by wb_clk_i)
Endpoint: io_out[0] (output port clocked by wb_clk_i)
Path Group: wb_clk_i
Path Type: max
Corner: Typical

Fanout     Cap    Slew   Delay    Time   Description
-----------------------------------------------------------------------------
                          0.00    0.00   clock wb_clk_i (rise edge)
                          0.00    0.00   clock source latency
                  0.58    0.42    0.42 ^ wb_clk_i (in)
     3    0.13                           wb_clk_i (net)
                  0.58    0.00    0.42 ^ clkbuf_0_wb_clk_i/A (sky130_fd_sc_hd__clkbuf_16)
                  0.08    0.29    0.72 ^ clkbuf_0_wb_clk_i/X (sky130_fd_sc_hd__clkbuf_16)
     4    0.05                           clknet_0_wb_clk_i (net)
                  0.08    0.00    0.72 ^ clkbuf_2_1__f_wb_clk_i/A (sky130_fd_sc_hd__clkbuf_16)
                  0.08    0.18    0.89 ^ clkbuf_2_1__f_wb_clk_i/X (sky130_fd_sc_hd__clkbuf_16)
    16    0.06                           clknet_2_1__leaf_wb_clk_i (net)
                  0.08    0.00    0.90 ^ _531_/CLK (sky130_fd_sc_hd__dfrtp_1)
                  0.06    0.41    1.30 v _531_/Q (sky130_fd_sc_hd__dfrtp_1)
     3    0.01                           u_cpu.PC_F[18] (net)
                  0.06    0.00    1.30 v _278_/B (sky130_fd_sc_hd__and2_1)
                  0.06    0.20    1.50 v _278_/X (sky130_fd_sc_hd__and2_1)
     4    0.01                           _133_ (net)
                  0.06    0.00    1.50 v _326_/A (sky130_fd_sc_hd__nor2_1)
                  0.16    0.18    1.68 ^ _326_/Y (sky130_fd_sc_hd__nor2_1)
     2    0.01                           _169_ (net)
                  0.16    0.00    1.68 ^ _386_/B (sky130_fd_sc_hd__xor2_1)
                  0.16    0.21    1.89 ^ _386_/X (sky130_fd_sc_hd__xor2_1)
     1    0.01                           _211_ (net)
                  0.16    0.00    1.89 ^ _387_/B (sky130_fd_sc_hd__xnor2_1)
                  0.21    0.18    2.07 ^ _387_/Y (sky130_fd_sc_hd__xnor2_1)
     1    0.01                           _212_ (net)
                  0.21    0.00    2.07 ^ _391_/A (sky130_fd_sc_hd__xor2_1)
                  0.15    0.20    2.27 ^ _391_/X (sky130_fd_sc_hd__xor2_1)
     1    0.01                           _216_ (net)
                  0.15    0.00    2.27 ^ _392_/B (sky130_fd_sc_hd__xor2_1)
                  0.11    0.16    2.43 ^ _392_/X (sky130_fd_sc_hd__xor2_1)
     1    0.00                           net2 (net)
                  0.11    0.00    2.43 ^ output2/A (sky130_fd_sc_hd__clkbuf_4)
                  0.11    0.22    2.64 ^ output2/X (sky130_fd_sc_hd__clkbuf_4)
     1    0.03                           io_out[0] (net)
                  0.11    0.00    2.65 ^ io_out[0] (out)
                                  2.65   data arrival time

                         50.00   50.00   clock wb_clk_i (rise edge)
                          0.00   50.00   clock network delay (propagated)
                         -0.25   49.75   clock uncertainty
                          0.00   49.75   clock reconvergence pessimism
                        -10.00   39.75   output external delay
                                 39.75   data required time
-----------------------------------------------------------------------------
                                 39.75   data required time
                                 -2.65   data arrival time
-----------------------------------------------------------------------------
                                 37.10   slack (MET)




===========================================================================
report_checks --slack_max -0.01
============================================================================
======================= Fastest Corner ===================================

No paths found.

======================= Slowest Corner ===================================

No paths found.

======================= Typical Corner ===================================

No paths found.


===========================================================================
 report_check_types -max_slew -max_cap -max_fanout -violators
============================================================================
======================= Fastest Corner ===================================

max fanout

Pin                                   Limit Fanout  Slack
---------------------------------------------------------
clkbuf_2_1__f_wb_clk_i/X                 10     16     -6 (VIOLATED)
clkbuf_2_0__f_wb_clk_i/X                 10     15     -5 (VIOLATED)
clkbuf_2_2__f_wb_clk_i/X                 10     13     -3 (VIOLATED)
clkbuf_2_3__f_wb_clk_i/X                 10     12     -2 (VIOLATED)


======================= Slowest Corner ===================================

max slew

Pin                                    Limit    Slew   Slack
------------------------------------------------------------
ANTENNA_2/DIODE                         0.75    0.92   -0.17 (VIOLATED)
clkbuf_0_wb_clk_i/A                     0.75    0.92   -0.17 (VIOLATED)
ANTENNA_1/DIODE                         0.75    0.92   -0.17 (VIOLATED)
wb_clk_i                                0.75    0.92   -0.17 (VIOLATED)

max fanout

Pin                                   Limit Fanout  Slack
---------------------------------------------------------
clkbuf_2_1__f_wb_clk_i/X                 10     16     -6 (VIOLATED)
clkbuf_2_0__f_wb_clk_i/X                 10     15     -5 (VIOLATED)
clkbuf_2_2__f_wb_clk_i/X                 10     13     -3 (VIOLATED)
clkbuf_2_3__f_wb_clk_i/X                 10     12     -2 (VIOLATED)


======================= Typical Corner ===================================

max fanout

Pin                                   Limit Fanout  Slack
---------------------------------------------------------
clkbuf_2_1__f_wb_clk_i/X                 10     16     -6 (VIOLATED)
clkbuf_2_0__f_wb_clk_i/X                 10     15     -5 (VIOLATED)
clkbuf_2_2__f_wb_clk_i/X                 10     13     -3 (VIOLATED)
clkbuf_2_3__f_wb_clk_i/X                 10     12     -2 (VIOLATED)



===========================================================================
report_parasitic_annotation -report_unannotated
============================================================================
Found 113 unannotated drivers.
 io_in[0]
 io_in[10]
 io_in[11]
 io_in[12]
 io_in[13]
 io_in[14]
 io_in[15]
 io_in[16]
 io_in[17]
 io_in[18]
 io_in[19]
 io_in[1]
 io_in[20]
 io_in[21]
 io_in[22]
 io_in[23]
 io_in[24]
 io_in[25]
 io_in[26]
 io_in[27]
 io_in[28]
 io_in[29]
 io_in[2]
 io_in[30]
 io_in[31]
 io_in[32]
 io_in[33]
 io_in[34]
 io_in[35]
 io_in[36]
 io_in[37]
 io_in[3]
 io_in[4]
 io_in[5]
 io_in[6]
 io_in[7]
 io_in[8]
 io_in[9]
 vajra_caravel_soc_10/HI
 vajra_caravel_soc_11/HI
 vajra_caravel_soc_12/HI
 vajra_caravel_soc_13/HI
 vajra_caravel_soc_14/HI
 vajra_caravel_soc_15/HI
 vajra_caravel_soc_16/HI
 vajra_caravel_soc_17/HI
 vajra_caravel_soc_18/HI
 vajra_caravel_soc_19/HI
 vajra_caravel_soc_20/HI
 vajra_caravel_soc_21/HI
 vajra_caravel_soc_22/HI
 vajra_caravel_soc_23/HI
 vajra_caravel_soc_24/HI
 vajra_caravel_soc_25/HI
 vajra_caravel_soc_26/HI
 vajra_caravel_soc_27/HI
 vajra_caravel_soc_28/HI
 vajra_caravel_soc_29/HI
 vajra_caravel_soc_3/HI
 vajra_caravel_soc_30/HI
 vajra_caravel_soc_31/HI
 vajra_caravel_soc_32/HI
 vajra_caravel_soc_33/HI
 vajra_caravel_soc_34/HI
 vajra_caravel_soc_35/HI
 vajra_caravel_soc_36/HI
 vajra_caravel_soc_37/HI
 vajra_caravel_soc_38/HI
 vajra_caravel_soc_39/HI
 vajra_caravel_soc_4/HI
 vajra_caravel_soc_40/HI
 vajra_caravel_soc_41/HI
 vajra_caravel_soc_42/HI
 vajra_caravel_soc_43/HI
 vajra_caravel_soc_44/HI
 vajra_caravel_soc_45/HI
 vajra_caravel_soc_46/HI
 vajra_caravel_soc_47/HI
 vajra_caravel_soc_48/HI
 vajra_caravel_soc_49/HI
 vajra_caravel_soc_5/HI
 vajra_caravel_soc_50/HI
 vajra_caravel_soc_51/HI
 vajra_caravel_soc_52/HI
 vajra_caravel_soc_53/HI
 vajra_caravel_soc_54/HI
 vajra_caravel_soc_55/HI
 vajra_caravel_soc_56/HI
 vajra_caravel_soc_57/HI
 vajra_caravel_soc_58/HI
 vajra_caravel_soc_59/HI
 vajra_caravel_soc_6/HI
 vajra_caravel_soc_60/HI
 vajra_caravel_soc_61/HI
 vajra_caravel_soc_62/HI
 vajra_caravel_soc_63/HI
 vajra_caravel_soc_64/HI
 vajra_caravel_soc_65/HI
 vajra_caravel_soc_66/HI
 vajra_caravel_soc_67/HI
 vajra_caravel_soc_68/HI
 vajra_caravel_soc_69/HI
 vajra_caravel_soc_7/HI
 vajra_caravel_soc_70/HI
 vajra_caravel_soc_71/HI
 vajra_caravel_soc_72/HI
 vajra_caravel_soc_73/HI
 vajra_caravel_soc_74/HI
 vajra_caravel_soc_75/HI
 vajra_caravel_soc_76/HI
 vajra_caravel_soc_77/HI
 vajra_caravel_soc_8/HI
 vajra_caravel_soc_9/HI
Found 0 partially unannotated drivers.

===========================================================================
max slew violation count 4
max fanout violation count 4
max cap violation count 0
============================================================================

===========================================================================
check_setup -verbose -unconstrained_endpoints -multiple_clock -no_clock -no_input_delay -loops -generated_clocks
===========================================================================
Warning: There are 75 unconstrained endpoints.
  io_oeb[0]
  io_oeb[10]
  io_oeb[11]
  io_oeb[12]
  io_oeb[13]
  io_oeb[14]
  io_oeb[15]
  io_oeb[16]
  io_oeb[17]
  io_oeb[18]
  io_oeb[19]
  io_oeb[1]
  io_oeb[20]
  io_oeb[21]
  io_oeb[22]
  io_oeb[23]
  io_oeb[24]
  io_oeb[25]
  io_oeb[26]
  io_oeb[27]
  io_oeb[28]
  io_oeb[29]
  io_oeb[2]
  io_oeb[30]
  io_oeb[31]
  io_oeb[32]
  io_oeb[33]
  io_oeb[34]
  io_oeb[35]
  io_oeb[36]
  io_oeb[37]
  io_oeb[3]
  io_oeb[4]
  io_oeb[5]
  io_oeb[6]
  io_oeb[7]
  io_oeb[8]
  io_oeb[9]
  io_out[10]
  io_out[11]
  io_out[12]
  io_out[13]
  io_out[14]
  io_out[15]
  io_out[16]
  io_out[17]
  io_out[18]
  io_out[19]
  io_out[1]
  io_out[20]
  io_out[21]
  io_out[22]
  io_out[23]
  io_out[24]
  io_out[25]
  io_out[26]
  io_out[27]
  io_out[28]
  io_out[29]
  io_out[2]
  io_out[30]
  io_out[31]
  io_out[32]
  io_out[33]
  io_out[34]
  io_out[35]
  io_out[36]
  io_out[37]
  io_out[3]
  io_out[4]
  io_out[5]
  io_out[6]
  io_out[7]
  io_out[8]
  io_out[9]
