
===========================================================================
 report_power
============================================================================
======================= Fastest Corner ===================================

Group                  Internal  Switching    Leakage      Total
                          Power      Power      Power      Power (Watts)
----------------------------------------------------------------
Sequential             3.21e-05   6.54e-06   1.68e-07   3.88e-05  46.3%
Combinational          2.74e-05   1.76e-05   1.37e-08   4.50e-05  53.7%
Macro                  0.00e+00   0.00e+00   0.00e+00   0.00e+00   0.0%
Pad                    0.00e+00   0.00e+00   0.00e+00   0.00e+00   0.0%
----------------------------------------------------------------
Total                  5.95e-05   2.41e-05   1.82e-07   8.38e-05 100.0%
                          71.0%      28.8%       0.2%

======================= Slowest Corner ===================================

Group                  Internal  Switching    Leakage      Total
                          Power      Power      Power      Power (Watts)
----------------------------------------------------------------
Sequential             2.14e-05   4.22e-06   6.70e-07   2.63e-05  45.5%
Combinational          1.95e-05   1.13e-05   6.61e-07   3.15e-05  54.5%
Macro                  0.00e+00   0.00e+00   0.00e+00   0.00e+00   0.0%
Pad                    0.00e+00   0.00e+00   0.00e+00   0.00e+00   0.0%
----------------------------------------------------------------
Total                  4.09e-05   1.55e-05   1.33e-06   5.78e-05 100.0%
                          70.8%      26.9%       2.3%

======================= Typical Corner ===================================

Group                  Internal  Switching    Leakage      Total
                          Power      Power      Power      Power (Watts)
----------------------------------------------------------------
Sequential             2.77e-05   5.43e-06   1.68e-07   3.33e-05  46.2%
Combinational          2.41e-05   1.47e-05   1.30e-08   3.88e-05  53.8%
Macro                  0.00e+00   0.00e+00   0.00e+00   0.00e+00   0.0%
Pad                    0.00e+00   0.00e+00   0.00e+00   0.00e+00   0.0%
----------------------------------------------------------------
Total                  5.18e-05   2.02e-05   1.81e-07   7.22e-05 100.0%
                          71.8%      27.9%       0.3%

