
===========================================================================
 report_power
============================================================================
======================= Fastest Corner ===================================

Group                  Internal  Switching    Leakage      Total
                          Power      Power      Power      Power (Watts)
----------------------------------------------------------------
Sequential             6.06e-05   2.81e-05   2.72e-07   8.89e-05  46.7%
Combinational          5.17e-05   4.97e-05   4.18e-08   1.01e-04  53.3%
Macro                  0.00e+00   0.00e+00   0.00e+00   0.00e+00   0.0%
Pad                    0.00e+00   0.00e+00   0.00e+00   0.00e+00   0.0%
----------------------------------------------------------------
Total                  1.12e-04   7.78e-05   3.14e-07   1.90e-04 100.0%
                          59.0%      40.9%       0.2%

======================= Slowest Corner ===================================

Group                  Internal  Switching    Leakage      Total
                          Power      Power      Power      Power (Watts)
----------------------------------------------------------------
Sequential             4.03e-05   1.86e-05   1.09e-06   6.00e-05  45.8%
Combinational          3.65e-05   3.26e-05   1.73e-06   7.09e-05  54.2%
Macro                  0.00e+00   0.00e+00   0.00e+00   0.00e+00   0.0%
Pad                    0.00e+00   0.00e+00   0.00e+00   0.00e+00   0.0%
----------------------------------------------------------------
Total                  7.69e-05   5.12e-05   2.81e-06   1.31e-04 100.0%
                          58.7%      39.1%       2.1%

======================= Typical Corner ===================================

Group                  Internal  Switching    Leakage      Total
                          Power      Power      Power      Power (Watts)
----------------------------------------------------------------
Sequential             5.23e-05   2.37e-05   2.72e-07   7.63e-05  46.7%
Combinational          4.50e-05   4.19e-05   3.99e-08   8.70e-05  53.3%
Macro                  0.00e+00   0.00e+00   0.00e+00   0.00e+00   0.0%
Pad                    0.00e+00   0.00e+00   0.00e+00   0.00e+00   0.0%
----------------------------------------------------------------
Total                  9.73e-05   6.56e-05   3.12e-07   1.63e-04 100.0%
                          59.6%      40.2%       0.2%

