
76. Printing statistics.

=== vajra_caravel_soc ===

   Number of wires:                416
   Number of wire bits:            527
   Number of public wires:         159
   Number of public wire bits:     270
   Number of memories:               0
   Number of memory bits:            0
   Number of processes:              0
   Number of cells:                487
     sky130_fd_sc_hd__a21o_2         3
     sky130_fd_sc_hd__a21oi_2        2
     sky130_fd_sc_hd__a31o_2         4
     sky130_fd_sc_hd__and2_2        14
     sky130_fd_sc_hd__and2b_2        7
     sky130_fd_sc_hd__and3_2        19
     sky130_fd_sc_hd__and4_2        28
     sky130_fd_sc_hd__buf_1         33
     sky130_fd_sc_hd__conb_1       173
     sky130_fd_sc_hd__dfrtp_2       56
     sky130_fd_sc_hd__inv_2         57
     sky130_fd_sc_hd__mux2_2        15
     sky130_fd_sc_hd__nand2_2        3
     sky130_fd_sc_hd__nor2_2        24
     sky130_fd_sc_hd__o21ba_2        1
     sky130_fd_sc_hd__o2bb2a_2       1
     sky130_fd_sc_hd__or2_2          2
     sky130_fd_sc_hd__xnor2_2       13
     sky130_fd_sc_hd__xor2_2        32

   Chip area for module '\vajra_caravel_soc': 4230.307200

