
===========================================================================
 report_power
============================================================================
======================= Fastest Corner ===================================

Group                  Internal  Switching    Leakage      Total
                          Power      Power      Power      Power (Watts)
----------------------------------------------------------------
Sequential             3.21e-05   6.78e-06   1.68e-07   3.90e-05  46.1%
Combinational          2.74e-05   1.82e-05   1.37e-08   4.57e-05  53.9%
Macro                  0.00e+00   0.00e+00   0.00e+00   0.00e+00   0.0%
Pad                    0.00e+00   0.00e+00   0.00e+00   0.00e+00   0.0%
----------------------------------------------------------------
Total                  5.95e-05   2.50e-05   1.82e-07   8.47e-05 100.0%
                          70.2%      29.5%       0.2%

======================= Slowest Corner ===================================

Group                  Internal  Switching    Leakage      Total
                          Power      Power      Power      Power (Watts)
----------------------------------------------------------------
Sequential             2.14e-05   4.38e-06   6.70e-07   2.65e-05  45.3%
Combinational          1.95e-05   1.18e-05   6.61e-07   3.20e-05  54.7%
Macro                  0.00e+00   0.00e+00   0.00e+00   0.00e+00   0.0%
Pad                    0.00e+00   0.00e+00   0.00e+00   0.00e+00   0.0%
----------------------------------------------------------------
Total                  4.09e-05   1.62e-05   1.33e-06   5.84e-05 100.0%
                          70.1%      27.7%       2.3%

======================= Typical Corner ===================================

Group                  Internal  Switching    Leakage      Total
                          Power      Power      Power      Power (Watts)
----------------------------------------------------------------
Sequential             2.77e-05   5.64e-06   1.68e-07   3.35e-05  46.0%
Combinational          2.41e-05   1.53e-05   1.30e-08   3.94e-05  54.0%
Macro                  0.00e+00   0.00e+00   0.00e+00   0.00e+00   0.0%
Pad                    0.00e+00   0.00e+00   0.00e+00   0.00e+00   0.0%
----------------------------------------------------------------
Total                  5.18e-05   2.09e-05   1.81e-07   7.29e-05 100.0%
                          71.0%      28.7%       0.2%

