
===========================================================================
 report_power
============================================================================
======================= Fastest Corner ===================================

Group                  Internal  Switching    Leakage      Total
                          Power      Power      Power      Power (Watts)
----------------------------------------------------------------
Sequential             1.17e-03   8.83e-05   7.62e-07   1.26e-03   7.7%
Combinational          4.92e-03   1.01e-02   1.82e-07   1.50e-02  92.3%
Macro                  0.00e+00   0.00e+00   0.00e+00   0.00e+00   0.0%
Pad                    0.00e+00   0.00e+00   0.00e+00   0.00e+00   0.0%
----------------------------------------------------------------
Total                  6.08e-03   1.02e-02   9.44e-07   1.63e-02 100.0%
                          37.3%      62.7%       0.0%

======================= Slowest Corner ===================================

Group                  Internal  Switching    Leakage      Total
                          Power      Power      Power      Power (Watts)
----------------------------------------------------------------
Sequential             7.79e-04   5.84e-05   1.87e-05   8.56e-04   7.5%
Combinational          3.65e-03   6.77e-03   6.25e-05   1.05e-02  92.5%
Macro                  0.00e+00   0.00e+00   0.00e+00   0.00e+00   0.0%
Pad                    0.00e+00   0.00e+00   0.00e+00   0.00e+00   0.0%
----------------------------------------------------------------
Total                  4.43e-03   6.83e-03   8.12e-05   1.13e-02 100.0%
                          39.1%      60.2%       0.7%

======================= Typical Corner ===================================

Group                  Internal  Switching    Leakage      Total
                          Power      Power      Power      Power (Watts)
----------------------------------------------------------------
Sequential             1.01e-03   7.45e-05   7.51e-07   1.08e-03   7.6%
Combinational          4.51e-03   8.59e-03   9.53e-08   1.31e-02  92.4%
Macro                  0.00e+00   0.00e+00   0.00e+00   0.00e+00   0.0%
Pad                    0.00e+00   0.00e+00   0.00e+00   0.00e+00   0.0%
----------------------------------------------------------------
Total                  5.51e-03   8.66e-03   8.47e-07   1.42e-02 100.0%
                          38.9%      61.1%       0.0%

