
87. Printing statistics.

=== vajra_caravel_soc ===

   Number of wires:              14947
   Number of wire bits:          15058
   Number of public wires:       14924
   Number of public wire bits:   15035
   Number of memories:               0
   Number of memory bits:            0
   Number of processes:              0
   Number of cells:              15018
     sky130_fd_sc_hd__a2111o_2       7
     sky130_fd_sc_hd__a2111oi_2      3
     sky130_fd_sc_hd__a211o_2       78
     sky130_fd_sc_hd__a211oi_2      61
     sky130_fd_sc_hd__a21bo_2       15
     sky130_fd_sc_hd__a21boi_2      35
     sky130_fd_sc_hd__a21o_2       280
     sky130_fd_sc_hd__a21oi_2      661
     sky130_fd_sc_hd__a221o_2       45
     sky130_fd_sc_hd__a221oi_2      25
     sky130_fd_sc_hd__a22o_2       201
     sky130_fd_sc_hd__a22oi_2      259
     sky130_fd_sc_hd__a2bb2o_2      22
     sky130_fd_sc_hd__a2bb2oi_2     34
     sky130_fd_sc_hd__a311o_2       20
     sky130_fd_sc_hd__a311oi_2      11
     sky130_fd_sc_hd__a31o_2       212
     sky130_fd_sc_hd__a31oi_2       68
     sky130_fd_sc_hd__a32o_2        51
     sky130_fd_sc_hd__a32oi_2       19
     sky130_fd_sc_hd__a41o_2        32
     sky130_fd_sc_hd__a41oi_2       11
     sky130_fd_sc_hd__and2_2       104
     sky130_fd_sc_hd__and2b_2      259
     sky130_fd_sc_hd__and3_2       213
     sky130_fd_sc_hd__and3b_2        6
     sky130_fd_sc_hd__and4_2       225
     sky130_fd_sc_hd__and4b_2       30
     sky130_fd_sc_hd__and4bb_2      11
     sky130_fd_sc_hd__buf_1       2526
     sky130_fd_sc_hd__buf_2         39
     sky130_fd_sc_hd__conb_1       101
     sky130_fd_sc_hd__dfrtp_2      152
     sky130_fd_sc_hd__dfxtp_2     1024
     sky130_fd_sc_hd__inv_2        234
     sky130_fd_sc_hd__mux2_2      1115
     sky130_fd_sc_hd__mux4_2        71
     sky130_fd_sc_hd__nand2_2      568
     sky130_fd_sc_hd__nand3_2      595
     sky130_fd_sc_hd__nand3b_2      56
     sky130_fd_sc_hd__nand4_2      330
     sky130_fd_sc_hd__nand4b_2      38
     sky130_fd_sc_hd__nor2_2       472
     sky130_fd_sc_hd__nor2b_2        4
     sky130_fd_sc_hd__nor3_2        43
     sky130_fd_sc_hd__nor3b_2        7
     sky130_fd_sc_hd__nor4_2        10
     sky130_fd_sc_hd__nor4b_2        4
     sky130_fd_sc_hd__o2111a_2      66
     sky130_fd_sc_hd__o2111ai_2     71
     sky130_fd_sc_hd__o211a_2      344
     sky130_fd_sc_hd__o211ai_2     904
     sky130_fd_sc_hd__o21a_2       130
     sky130_fd_sc_hd__o21ai_2     1022
     sky130_fd_sc_hd__o21ba_2      228
     sky130_fd_sc_hd__o21bai_2     325
     sky130_fd_sc_hd__o221a_2       68
     sky130_fd_sc_hd__o221ai_2      97
     sky130_fd_sc_hd__o22a_2        59
     sky130_fd_sc_hd__o22ai_2      202
     sky130_fd_sc_hd__o2bb2a_2      31
     sky130_fd_sc_hd__o2bb2ai_2    133
     sky130_fd_sc_hd__o311a_2       89
     sky130_fd_sc_hd__o311ai_2      63
     sky130_fd_sc_hd__o31a_2       114
     sky130_fd_sc_hd__o31ai_2       30
     sky130_fd_sc_hd__o32a_2        31
     sky130_fd_sc_hd__o32ai_2       11
     sky130_fd_sc_hd__o41a_2         5
     sky130_fd_sc_hd__o41ai_2        1
     sky130_fd_sc_hd__or2_2        139
     sky130_fd_sc_hd__or2b_2       322
     sky130_fd_sc_hd__or3_2         26
     sky130_fd_sc_hd__or3b_2         9
     sky130_fd_sc_hd__or4_2         21
     sky130_fd_sc_hd__or4b_2        12
     sky130_fd_sc_hd__or4bb_2        5
     sky130_fd_sc_hd__xnor2_2       27
     sky130_fd_sc_hd__xor2_2        46

   Chip area for module '\vajra_caravel_soc': 148737.651200

