
===========================================================================
 report_power
============================================================================
======================= Fastest Corner ===================================

Group                  Internal  Switching    Leakage      Total
                          Power      Power      Power      Power (Watts)
----------------------------------------------------------------
Sequential             1.17e-03   8.48e-05   7.62e-07   1.25e-03   7.9%
Combinational          4.90e-03   9.71e-03   1.82e-07   1.46e-02  92.1%
Macro                  0.00e+00   0.00e+00   0.00e+00   0.00e+00   0.0%
Pad                    0.00e+00   0.00e+00   0.00e+00   0.00e+00   0.0%
----------------------------------------------------------------
Total                  6.07e-03   9.79e-03   9.44e-07   1.59e-02 100.0%
                          38.3%      61.7%       0.0%

======================= Slowest Corner ===================================

Group                  Internal  Switching    Leakage      Total
                          Power      Power      Power      Power (Watts)
----------------------------------------------------------------
Sequential             7.79e-04   5.61e-05   1.87e-05   8.54e-04   7.7%
Combinational          3.65e-03   6.49e-03   6.25e-05   1.02e-02  92.3%
Macro                  0.00e+00   0.00e+00   0.00e+00   0.00e+00   0.0%
Pad                    0.00e+00   0.00e+00   0.00e+00   0.00e+00   0.0%
----------------------------------------------------------------
Total                  4.43e-03   6.55e-03   8.12e-05   1.11e-02 100.0%
                          40.1%      59.2%       0.7%

======================= Typical Corner ===================================

Group                  Internal  Switching    Leakage      Total
                          Power      Power      Power      Power (Watts)
----------------------------------------------------------------
Sequential             1.01e-03   7.16e-05   7.51e-07   1.08e-03   7.8%
Combinational          4.50e-03   8.23e-03   9.53e-08   1.27e-02  92.2%
Macro                  0.00e+00   0.00e+00   0.00e+00   0.00e+00   0.0%
Pad                    0.00e+00   0.00e+00   0.00e+00   0.00e+00   0.0%
----------------------------------------------------------------
Total                  5.51e-03   8.31e-03   8.47e-07   1.38e-02 100.0%
                          39.9%      60.1%       0.0%

