
===========================================================================
 report_power
============================================================================
======================= Fastest Corner ===================================

Group                  Internal  Switching    Leakage      Total
                          Power      Power      Power      Power (Watts)
----------------------------------------------------------------
Sequential             6.55e-05   1.37e-05   2.65e-07   7.94e-05  40.0%
Combinational          5.97e-05   5.92e-05   4.11e-08   1.19e-04  60.0%
Macro                  0.00e+00   0.00e+00   0.00e+00   0.00e+00   0.0%
Pad                    0.00e+00   0.00e+00   0.00e+00   0.00e+00   0.0%
----------------------------------------------------------------
Total                  1.25e-04   7.29e-05   3.06e-07   1.98e-04 100.0%
                          63.1%      36.7%       0.2%

======================= Slowest Corner ===================================

Group                  Internal  Switching    Leakage      Total
                          Power      Power      Power      Power (Watts)
----------------------------------------------------------------
Sequential             4.37e-05   8.81e-06   1.06e-06   5.36e-05  39.3%
Combinational          4.25e-05   3.86e-05   1.48e-06   8.26e-05  60.7%
Macro                  0.00e+00   0.00e+00   0.00e+00   0.00e+00   0.0%
Pad                    0.00e+00   0.00e+00   0.00e+00   0.00e+00   0.0%
----------------------------------------------------------------
Total                  8.62e-05   4.75e-05   2.54e-06   1.36e-04 100.0%
                          63.3%      34.8%       1.9%

======================= Typical Corner ===================================

Group                  Internal  Switching    Leakage      Total
                          Power      Power      Power      Power (Watts)
----------------------------------------------------------------
Sequential             5.66e-05   1.14e-05   2.65e-07   6.82e-05  40.0%
Combinational          5.24e-05   4.98e-05   3.98e-08   1.02e-04  60.0%
Macro                  0.00e+00   0.00e+00   0.00e+00   0.00e+00   0.0%
Pad                    0.00e+00   0.00e+00   0.00e+00   0.00e+00   0.0%
----------------------------------------------------------------
Total                  1.09e-04   6.12e-05   3.05e-07   1.71e-04 100.0%
                          63.9%      35.9%       0.2%

