
===========================================================================
 report_power
============================================================================
======================= Fastest Corner ===================================

Group                  Internal  Switching    Leakage      Total
                          Power      Power      Power      Power (Watts)
----------------------------------------------------------------
Sequential             1.17e-03   8.15e-05   7.62e-07   1.25e-03   8.1%
Combinational          4.89e-03   9.23e-03   1.82e-07   1.41e-02  91.9%
Macro                  0.00e+00   0.00e+00   0.00e+00   0.00e+00   0.0%
Pad                    0.00e+00   0.00e+00   0.00e+00   0.00e+00   0.0%
----------------------------------------------------------------
Total                  6.06e-03   9.32e-03   9.44e-07   1.54e-02 100.0%
                          39.4%      60.6%       0.0%

======================= Slowest Corner ===================================

Group                  Internal  Switching    Leakage      Total
                          Power      Power      Power      Power (Watts)
----------------------------------------------------------------
Sequential             7.80e-04   5.39e-05   1.87e-05   8.53e-04   7.9%
Combinational          3.65e-03   6.17e-03   6.25e-05   9.88e-03  92.1%
Macro                  0.00e+00   0.00e+00   0.00e+00   0.00e+00   0.0%
Pad                    0.00e+00   0.00e+00   0.00e+00   0.00e+00   0.0%
----------------------------------------------------------------
Total                  4.43e-03   6.22e-03   8.12e-05   1.07e-02 100.0%
                          41.3%      58.0%       0.8%

======================= Typical Corner ===================================

Group                  Internal  Switching    Leakage      Total
                          Power      Power      Power      Power (Watts)
----------------------------------------------------------------
Sequential             1.01e-03   6.88e-05   7.51e-07   1.08e-03   8.0%
Combinational          4.50e-03   7.83e-03   9.53e-08   1.23e-02  92.0%
Macro                  0.00e+00   0.00e+00   0.00e+00   0.00e+00   0.0%
Pad                    0.00e+00   0.00e+00   0.00e+00   0.00e+00   0.0%
----------------------------------------------------------------
Total                  5.51e-03   7.90e-03   8.47e-07   1.34e-02 100.0%
                          41.1%      58.9%       0.0%

