
76. Printing statistics.

=== vajra_caravel_soc ===

   Number of wires:                412
   Number of wire bits:            523
   Number of public wires:         159
   Number of public wire bits:     270
   Number of memories:               0
   Number of memory bits:            0
   Number of processes:              0
   Number of cells:                483
     sky130_fd_sc_hd__a21oi_2        8
     sky130_fd_sc_hd__a31o_2         3
     sky130_fd_sc_hd__and2_2        18
     sky130_fd_sc_hd__and2b_2        1
     sky130_fd_sc_hd__and3_2        12
     sky130_fd_sc_hd__and4_2        12
     sky130_fd_sc_hd__buf_1         28
     sky130_fd_sc_hd__conb_1       173
     sky130_fd_sc_hd__dfrtp_2       56
     sky130_fd_sc_hd__inv_2         60
     sky130_fd_sc_hd__mux2_2        15
     sky130_fd_sc_hd__nand2_2       12
     sky130_fd_sc_hd__nand4_2        4
     sky130_fd_sc_hd__nor2_2        28
     sky130_fd_sc_hd__nor4_2         1
     sky130_fd_sc_hd__o21a_2         2
     sky130_fd_sc_hd__o21ba_2        1
     sky130_fd_sc_hd__or2_2          4
     sky130_fd_sc_hd__or3_2          1
     sky130_fd_sc_hd__or3b_2         1
     sky130_fd_sc_hd__or4_2          1
     sky130_fd_sc_hd__or4b_2         1
     sky130_fd_sc_hd__xnor2_2       23
     sky130_fd_sc_hd__xor2_2        18

   Chip area for module '\vajra_caravel_soc': 4137.718400

