
===========================================================================
 report_power
============================================================================
======================= Fastest Corner ===================================

Group                  Internal  Switching    Leakage      Total
                          Power      Power      Power      Power (Watts)
----------------------------------------------------------------
Sequential             6.55e-05   1.33e-05   2.65e-07   7.91e-05  40.3%
Combinational          5.96e-05   5.77e-05   4.11e-08   1.17e-04  59.7%
Macro                  0.00e+00   0.00e+00   0.00e+00   0.00e+00   0.0%
Pad                    0.00e+00   0.00e+00   0.00e+00   0.00e+00   0.0%
----------------------------------------------------------------
Total                  1.25e-04   7.10e-05   3.06e-07   1.96e-04 100.0%
                          63.7%      36.1%       0.2%

======================= Slowest Corner ===================================

Group                  Internal  Switching    Leakage      Total
                          Power      Power      Power      Power (Watts)
----------------------------------------------------------------
Sequential             4.38e-05   8.59e-06   1.06e-06   5.34e-05  39.6%
Combinational          4.25e-05   3.76e-05   1.48e-06   8.16e-05  60.4%
Macro                  0.00e+00   0.00e+00   0.00e+00   0.00e+00   0.0%
Pad                    0.00e+00   0.00e+00   0.00e+00   0.00e+00   0.0%
----------------------------------------------------------------
Total                  8.62e-05   4.62e-05   2.54e-06   1.35e-04 100.0%
                          63.9%      34.2%       1.9%

======================= Typical Corner ===================================

Group                  Internal  Switching    Leakage      Total
                          Power      Power      Power      Power (Watts)
----------------------------------------------------------------
Sequential             5.66e-05   1.11e-05   2.65e-07   6.80e-05  40.2%
Combinational          5.24e-05   4.86e-05   3.98e-08   1.01e-04  59.8%
Macro                  0.00e+00   0.00e+00   0.00e+00   0.00e+00   0.0%
Pad                    0.00e+00   0.00e+00   0.00e+00   0.00e+00   0.0%
----------------------------------------------------------------
Total                  1.09e-04   5.96e-05   3.05e-07   1.69e-04 100.0%
                          64.5%      35.3%       0.2%

