
===========================================================================
 report_power
============================================================================
======================= Fastest Corner ===================================

Group                  Internal  Switching    Leakage      Total
                          Power      Power      Power      Power (Watts)
----------------------------------------------------------------
Sequential             6.11e-05   2.52e-05   2.72e-07   8.66e-05  46.7%
Combinational          5.15e-05   4.71e-05   4.18e-08   9.87e-05  53.3%
Macro                  0.00e+00   0.00e+00   0.00e+00   0.00e+00   0.0%
Pad                    0.00e+00   0.00e+00   0.00e+00   0.00e+00   0.0%
----------------------------------------------------------------
Total                  1.13e-04   7.24e-05   3.14e-07   1.85e-04 100.0%
                          60.8%      39.1%       0.2%

======================= Slowest Corner ===================================

Group                  Internal  Switching    Leakage      Total
                          Power      Power      Power      Power (Watts)
----------------------------------------------------------------
Sequential             4.07e-05   1.67e-05   1.09e-06   5.84e-05  45.8%
Combinational          3.65e-05   3.09e-05   1.73e-06   6.91e-05  54.2%
Macro                  0.00e+00   0.00e+00   0.00e+00   0.00e+00   0.0%
Pad                    0.00e+00   0.00e+00   0.00e+00   0.00e+00   0.0%
----------------------------------------------------------------
Total                  7.72e-05   4.76e-05   2.81e-06   1.28e-04 100.0%
                          60.5%      37.3%       2.2%

======================= Typical Corner ===================================

Group                  Internal  Switching    Leakage      Total
                          Power      Power      Power      Power (Watts)
----------------------------------------------------------------
Sequential             5.27e-05   2.13e-05   2.72e-07   7.43e-05  46.7%
Combinational          4.50e-05   3.97e-05   3.99e-08   8.47e-05  53.3%
Macro                  0.00e+00   0.00e+00   0.00e+00   0.00e+00   0.0%
Pad                    0.00e+00   0.00e+00   0.00e+00   0.00e+00   0.0%
----------------------------------------------------------------
Total                  9.77e-05   6.10e-05   3.12e-07   1.59e-04 100.0%
                          61.4%      38.4%       0.2%

