
===========================================================================
report_checks -unconstrained
===========================================================================
======================= Typical Corner ===================================

Startpoint: wb_rst_i (input port clocked by wb_clk_i)
Endpoint: _439_ (recovery check against rising-edge clock wb_clk_i)
Path Group: asynchronous
Path Type: max

Fanout     Cap    Slew   Delay    Time   Description
-----------------------------------------------------------------------------
                  0.15    0.00    0.00   clock wb_clk_i (rise edge)
                          0.00    0.00   clock network delay (ideal)
                         10.00   10.00 v input external delay
                  0.12    0.10   10.10 v wb_rst_i (in)
     2    0.06                           wb_rst_i (net)
                  0.13    0.00   10.10 v _376_/A (sky130_fd_sc_hd__buf_1)
                  0.25    0.31   10.41 v _376_/X (sky130_fd_sc_hd__buf_1)
    10    0.04                           _213_ (net)
                  0.25    0.00   10.42 v _377_/A (sky130_fd_sc_hd__buf_1)
                  0.31    0.40   10.82 v _377_/X (sky130_fd_sc_hd__buf_1)
    10    0.05                           _214_ (net)
                  0.31    0.00   10.82 v _379_/A (sky130_fd_sc_hd__inv_2)
                  0.08    0.12   10.95 ^ _379_/Y (sky130_fd_sc_hd__inv_2)
     1    0.00                           _027_ (net)
                  0.08    0.00   10.95 ^ _439_/RESET_B (sky130_fd_sc_hd__dfrtp_2)
                                 10.95   data arrival time

                  0.15   50.00   50.00   clock wb_clk_i (rise edge)
                          0.00   50.00   clock network delay (ideal)
                         -0.25   49.75   clock uncertainty
                          0.00   49.75   clock reconvergence pessimism
                                 49.75 ^ _439_/CLK (sky130_fd_sc_hd__dfrtp_2)
                          0.24   49.99   library recovery time
                                 49.99   data required time
-----------------------------------------------------------------------------
                                 49.99   data required time
                                -10.95   data arrival time
-----------------------------------------------------------------------------
                                 39.05   slack (MET)


Startpoint: _444_ (rising edge-triggered flip-flop clocked by wb_clk_i)
Endpoint: io_out[8] (output port clocked by wb_clk_i)
Path Group: wb_clk_i
Path Type: max

Fanout     Cap    Slew   Delay    Time   Description
-----------------------------------------------------------------------------
                  0.15    0.00    0.00   clock wb_clk_i (rise edge)
                          0.00    0.00   clock network delay (ideal)
                  0.15    0.00    0.00 ^ _444_/CLK (sky130_fd_sc_hd__dfrtp_2)
                  0.68    0.85    0.85 ^ _444_/Q (sky130_fd_sc_hd__dfrtp_2)
     7    0.15                           io_out[30] (net)
                  0.68    0.04    0.88 ^ _666_/A (sky130_fd_sc_hd__buf_2)
                  0.29    0.42    1.31 ^ _666_/X (sky130_fd_sc_hd__buf_2)
     1    0.06                           io_out[8] (net)
                  0.29    0.01    1.32 ^ io_out[8] (out)
                                  1.32   data arrival time

                  0.15   50.00   50.00   clock wb_clk_i (rise edge)
                          0.00   50.00   clock network delay (ideal)
                         -0.25   49.75   clock uncertainty
                          0.00   49.75   clock reconvergence pessimism
                        -10.00   39.75   output external delay
                                 39.75   data required time
-----------------------------------------------------------------------------
                                 39.75   data required time
                                 -1.32   data arrival time
-----------------------------------------------------------------------------
                                 38.43   slack (MET)




===========================================================================
report_checks --slack_max -0.01
============================================================================
======================= Typical Corner ===================================

No paths found.


===========================================================================
 report_check_types -max_slew -max_cap -max_fanout -violators
============================================================================
======================= Typical Corner ===================================

max slew

Pin                                    Limit    Slew   Slack
------------------------------------------------------------
io_out[28]                              0.75    0.77   -0.02 (VIOLATED)
_664_/A                                 0.75    0.76   -0.01 (VIOLATED)



===========================================================================
report_parasitic_annotation -report_unannotated
============================================================================
Found 611 unannotated drivers.
 io_in[0]
 io_in[10]
 io_in[11]
 io_in[12]
 io_in[13]
 io_in[14]
 io_in[15]
 io_in[16]
 io_in[17]
 io_in[18]
 io_in[19]
 io_in[1]
 io_in[20]
 io_in[21]
 io_in[22]
 io_in[23]
 io_in[24]
 io_in[25]
 io_in[26]
 io_in[27]
 io_in[28]
 io_in[29]
 io_in[2]
 io_in[30]
 io_in[31]
 io_in[32]
 io_in[33]
 io_in[34]
 io_in[35]
 io_in[36]
 io_in[37]
 io_in[3]
 io_in[4]
 io_in[5]
 io_in[6]
 io_in[7]
 io_in[8]
 io_in[9]
 wb_clk_i
 wb_rst_i
 _219_/X
 _220_/X
 _221_/X
 _222_/X
 _223_/X
 _224_/X
 _225_/X
 _226_/X
 _227_/X
 _228_/X
 _229_/X
 _230_/X
 _231_/X
 _232_/X
 _233_/X
 _234_/X
 _235_/X
 _236_/X
 _237_/X
 _238_/X
 _239_/X
 _240_/X
 _241_/X
 _242_/X
 _243_/X
 _244_/X
 _245_/X
 _246_/X
 _247_/X
 _248_/X
 _249_/X
 _250_/X
 _251_/X
 _252_/Y
 _253_/Y
 _254_/X
 _255_/X
 _256_/Y
 _257_/X
 _258_/X
 _259_/Y
 _260_/X
 _261_/X
 _262_/X
 _263_/X
 _264_/X
 _265_/Y
 _266_/Y
 _267_/X
 _268_/X
 _269_/X
 _270_/Y
 _271_/Y
 _272_/X
 _273_/X
 _274_/X
 _275_/X
 _276_/X
 _277_/Y
 _278_/Y
 _279_/Y
 _280_/Y
 _281_/Y
 _282_/X
 _283_/Y
 _284_/X
 _285_/X
 _286_/X
 _287_/X
 _288_/X
 _289_/X
 _290_/X
 _291_/X
 _292_/Y
 _293_/Y
 _294_/X
 _295_/X
 _296_/X
 _297_/X
 _298_/Y
 _299_/Y
 _300_/X
 _301_/X
 _302_/X
 _303_/X
 _304_/Y
 _305_/Y
 _306_/X
 _307_/X
 _308_/Y
 _309_/Y
 _310_/X
 _311_/X
 _312_/X
 _313_/X
 _314_/Y
 _315_/Y
 _316_/X
 _317_/Y
 _318_/Y
 _319_/X
 _320_/X
 _321_/X
 _322_/Y
 _323_/X
 _324_/X
 _325_/X
 _326_/X
 _327_/Y
 _328_/Y
 _329_/X
 _330_/X
 _331_/X
 _332_/X
 _333_/X
 _334_/X
 _335_/X
 _336_/X
 _337_/X
 _338_/X
 _339_/X
 _340_/X
 _341_/X
 _342_/X
 _343_/X
 _344_/X
 _345_/X
 _346_/Y
 _347_/Y
 _348_/X
 _349_/Y
 _350_/X
 _351_/Y
 _352_/X
 _353_/X
 _354_/X
 _355_/Y
 _356_/Y
 _357_/X
 _358_/Y
 _359_/Y
 _360_/X
 _361_/X
 _362_/X
 _363_/X
 _364_/X
 _365_/X
 _366_/X
 _367_/X
 _368_/Y
 _369_/Y
 _370_/X
 _371_/X
 _372_/X
 _373_/Y
 _374_/Y
 _375_/X
 _376_/X
 _377_/X
 _378_/Y
 _379_/Y
 _380_/Y
 _381_/Y
 _382_/Y
 _383_/Y
 _384_/Y
 _385_/Y
 _386_/Y
 _387_/Y
 _388_/X
 _389_/Y
 _390_/Y
 _391_/Y
 _392_/Y
 _393_/Y
 _394_/Y
 _395_/Y
 _396_/Y
 _397_/Y
 _398_/Y
 _399_/X
 _400_/Y
 _401_/Y
 _402_/Y
 _403_/Y
 _404_/Y
 _405_/Y
 _406_/Y
 _407_/Y
 _408_/Y
 _409_/Y
 _410_/X
 _411_/Y
 _412_/Y
 _413_/Y
 _414_/Y
 _415_/Y
 _416_/Y
 _417_/Y
 _418_/Y
 _419_/Y
 _420_/Y
 _421_/X
 _422_/Y
 _423_/Y
 _424_/Y
 _425_/Y
 _426_/Y
 _427_/Y
 _428_/Y
 _429_/Y
 _430_/Y
 _431_/Y
 _432_/Y
 _433_/Y
 _434_/Y
 _435_/Y
 _436_/Y
 _437_/Y
 _438_/Q
 _439_/Q
 _440_/Q
 _441_/Q
 _442_/Q
 _443_/Q
 _444_/Q
 _445_/Q
 _446_/Q
 _447_/Q
 _448_/Q
 _449_/Q
 _450_/Q
 _451_/Q
 _452_/Q
 _453_/Q
 _454_/Q
 _455_/Q
 _456_/Q
 _457_/Q
 _458_/Q
 _459_/Q
 _460_/Q
 _461_/Q
 _462_/Q
 _463_/Q
 _464_/Q
 _465_/Q
 _466_/Q
 _467_/Q
 _468_/Q
 _469_/Q
 _470_/Q
 _471_/Q
 _472_/Q
 _473_/Q
 _474_/Q
 _475_/Q
 _476_/Q
 _477_/Q
 _478_/Q
 _479_/Q
 _480_/Q
 _481_/Q
 _482_/Q
 _483_/Q
 _484_/Q
 _485_/Q
 _486_/Q
 _487_/Q
 _488_/Q
 _489_/Q
 _490_/Q
 _491_/Q
 _492_/Q
 _493_/Q
 _494_/HI
 _494_/LO
 _495_/HI
 _495_/LO
 _496_/HI
 _496_/LO
 _497_/HI
 _497_/LO
 _498_/HI
 _498_/LO
 _499_/HI
 _499_/LO
 _500_/HI
 _500_/LO
 _501_/HI
 _501_/LO
 _502_/HI
 _502_/LO
 _503_/HI
 _503_/LO
 _504_/HI
 _504_/LO
 _505_/HI
 _505_/LO
 _506_/HI
 _506_/LO
 _507_/HI
 _507_/LO
 _508_/HI
 _508_/LO
 _509_/HI
 _509_/LO
 _510_/HI
 _510_/LO
 _511_/HI
 _511_/LO
 _512_/HI
 _512_/LO
 _513_/HI
 _513_/LO
 _514_/HI
 _514_/LO
 _515_/HI
 _515_/LO
 _516_/HI
 _516_/LO
 _517_/HI
 _517_/LO
 _518_/HI
 _518_/LO
 _519_/HI
 _519_/LO
 _520_/HI
 _520_/LO
 _521_/HI
 _521_/LO
 _522_/HI
 _522_/LO
 _523_/HI
 _523_/LO
 _524_/HI
 _524_/LO
 _525_/HI
 _525_/LO
 _526_/HI
 _526_/LO
 _527_/HI
 _527_/LO
 _528_/HI
 _528_/LO
 _529_/HI
 _529_/LO
 _530_/HI
 _530_/LO
 _531_/HI
 _531_/LO
 _532_/HI
 _532_/LO
 _533_/HI
 _533_/LO
 _534_/HI
 _534_/LO
 _535_/HI
 _535_/LO
 _536_/HI
 _536_/LO
 _537_/HI
 _537_/LO
 _538_/HI
 _538_/LO
 _539_/HI
 _539_/LO
 _540_/HI
 _540_/LO
 _541_/HI
 _541_/LO
 _542_/HI
 _542_/LO
 _543_/HI
 _543_/LO
 _544_/HI
 _544_/LO
 _545_/HI
 _545_/LO
 _546_/HI
 _546_/LO
 _547_/HI
 _547_/LO
 _548_/HI
 _548_/LO
 _549_/HI
 _549_/LO
 _550_/HI
 _550_/LO
 _551_/HI
 _551_/LO
 _552_/HI
 _552_/LO
 _553_/HI
 _553_/LO
 _554_/HI
 _554_/LO
 _555_/HI
 _555_/LO
 _556_/HI
 _556_/LO
 _557_/HI
 _557_/LO
 _558_/HI
 _558_/LO
 _559_/HI
 _559_/LO
 _560_/HI
 _560_/LO
 _561_/HI
 _561_/LO
 _562_/HI
 _562_/LO
 _563_/HI
 _563_/LO
 _564_/HI
 _564_/LO
 _565_/HI
 _565_/LO
 _566_/HI
 _566_/LO
 _567_/HI
 _567_/LO
 _568_/HI
 _568_/LO
 _569_/HI
 _569_/LO
 _570_/HI
 _570_/LO
 _571_/HI
 _571_/LO
 _572_/HI
 _572_/LO
 _573_/HI
 _573_/LO
 _574_/HI
 _574_/LO
 _575_/HI
 _575_/LO
 _576_/HI
 _576_/LO
 _577_/HI
 _577_/LO
 _578_/HI
 _578_/LO
 _579_/HI
 _579_/LO
 _580_/HI
 _580_/LO
 _581_/HI
 _581_/LO
 _582_/HI
 _582_/LO
 _583_/HI
 _583_/LO
 _584_/HI
 _584_/LO
 _585_/HI
 _585_/LO
 _586_/HI
 _586_/LO
 _587_/HI
 _587_/LO
 _588_/HI
 _588_/LO
 _589_/HI
 _589_/LO
 _590_/HI
 _590_/LO
 _591_/HI
 _591_/LO
 _592_/HI
 _592_/LO
 _593_/HI
 _593_/LO
 _594_/HI
 _594_/LO
 _595_/HI
 _595_/LO
 _596_/HI
 _596_/LO
 _597_/HI
 _597_/LO
 _598_/HI
 _598_/LO
 _599_/HI
 _599_/LO
 _600_/HI
 _600_/LO
 _601_/HI
 _601_/LO
 _602_/HI
 _602_/LO
 _603_/HI
 _603_/LO
 _604_/HI
 _604_/LO
 _605_/HI
 _605_/LO
 _606_/HI
 _606_/LO
 _607_/HI
 _607_/LO
 _608_/HI
 _608_/LO
 _609_/HI
 _609_/LO
 _610_/HI
 _610_/LO
 _611_/HI
 _611_/LO
 _612_/HI
 _612_/LO
 _613_/HI
 _613_/LO
 _614_/HI
 _614_/LO
 _615_/HI
 _615_/LO
 _616_/X
 _617_/X
 _618_/X
 _619_/X
 _620_/X
 _621_/X
 _622_/X
 _623_/X
 _624_/X
 _625_/X
 _626_/X
 _627_/X
 _628_/X
 _629_/X
 _630_/X
 _631_/X
 _632_/X
 _633_/X
 _634_/X
 _635_/X
 _636_/X
 _637_/X
 _638_/X
 _639_/X
 _640_/X
 _641_/X
 _642_/X
 _643_/X
 _644_/X
 _645_/X
 _646_/X
 _647_/X
 _648_/X
 _649_/X
 _650_/X
 _651_/X
 _652_/X
 _653_/X
 _654_/X
 _655_/X
 _656_/X
 _657_/X
 _658_/X
 _659_/X
 _660_/X
 _661_/X
 _662_/X
 _663_/X
 _664_/X
 _665_/X
 _666_/X
 _667_/X
Found 0 partially unannotated drivers.

===========================================================================
max slew violation count 2
max fanout violation count 0
max cap violation count 0
============================================================================

===========================================================================
check_setup -verbose -unconstrained_endpoints -multiple_clock -no_clock -no_input_delay -loops -generated_clocks
===========================================================================
Warning: There are 54 unconstrained endpoints.
  io_oeb[0]
  io_oeb[10]
  io_oeb[11]
  io_oeb[12]
  io_oeb[13]
  io_oeb[14]
  io_oeb[15]
  io_oeb[16]
  io_oeb[17]
  io_oeb[18]
  io_oeb[19]
  io_oeb[1]
  io_oeb[20]
  io_oeb[21]
  io_oeb[22]
  io_oeb[23]
  io_oeb[24]
  io_oeb[25]
  io_oeb[26]
  io_oeb[27]
  io_oeb[28]
  io_oeb[29]
  io_oeb[2]
  io_oeb[30]
  io_oeb[31]
  io_oeb[32]
  io_oeb[33]
  io_oeb[34]
  io_oeb[35]
  io_oeb[36]
  io_oeb[37]
  io_oeb[3]
  io_oeb[4]
  io_oeb[5]
  io_oeb[6]
  io_oeb[7]
  io_oeb[8]
  io_oeb[9]
  io_out[0]
  io_out[10]
  io_out[11]
  io_out[12]
  io_out[13]
  io_out[14]
  io_out[15]
  io_out[16]
  io_out[17]
  io_out[18]
  io_out[19]
  io_out[1]
  io_out[20]
  io_out[21]
  io_out[22]
  io_out[23]
