
75. Executing CHECK pass (checking for obvious problems).
Checking module vajra_caravel_soc...
Warning: Wire vajra_caravel_soc.\io_out [37] is used but has no driver.
Warning: Wire vajra_caravel_soc.\io_out [36] is used but has no driver.
Warning: Wire vajra_caravel_soc.\io_out [35] is used but has no driver.
Warning: Wire vajra_caravel_soc.\io_out [34] is used but has no driver.
Warning: Wire vajra_caravel_soc.\io_out [33] is used but has no driver.
Warning: Wire vajra_caravel_soc.\io_out [32] is used but has no driver.
Warning: Wire vajra_caravel_soc.\io_out [31] is used but has no driver.
Warning: Wire vajra_caravel_soc.\io_out [30] is used but has no driver.
Warning: Wire vajra_caravel_soc.\io_out [29] is used but has no driver.
Warning: Wire vajra_caravel_soc.\io_out [28] is used but has no driver.
Warning: Wire vajra_caravel_soc.\io_out [27] is used but has no driver.
Warning: Wire vajra_caravel_soc.\io_out [26] is used but has no driver.
Warning: Wire vajra_caravel_soc.\io_out [25] is used but has no driver.
Warning: Wire vajra_caravel_soc.\io_out [24] is used but has no driver.
Warning: Wire vajra_caravel_soc.\io_out [23] is used but has no driver.
Warning: Wire vajra_caravel_soc.\io_out [22] is used but has no driver.
Warning: Wire vajra_caravel_soc.\io_out [21] is used but has no driver.
Warning: Wire vajra_caravel_soc.\io_out [20] is used but has no driver.
Warning: Wire vajra_caravel_soc.\io_out [19] is used but has no driver.
Warning: Wire vajra_caravel_soc.\io_out [18] is used but has no driver.
Warning: Wire vajra_caravel_soc.\io_out [17] is used but has no driver.
Warning: Wire vajra_caravel_soc.\io_out [16] is used but has no driver.
Warning: Wire vajra_caravel_soc.\io_out [15] is used but has no driver.
Warning: Wire vajra_caravel_soc.\io_out [14] is used but has no driver.
Warning: Wire vajra_caravel_soc.\io_out [13] is used but has no driver.
Warning: Wire vajra_caravel_soc.\io_out [12] is used but has no driver.
Warning: Wire vajra_caravel_soc.\io_out [11] is used but has no driver.
Warning: Wire vajra_caravel_soc.\io_out [10] is used but has no driver.
Warning: Wire vajra_caravel_soc.\io_out [9] is used but has no driver.
Warning: Wire vajra_caravel_soc.\io_out [8] is used but has no driver.
Warning: Wire vajra_caravel_soc.\io_out [7] is used but has no driver.
Warning: Wire vajra_caravel_soc.\io_out [6] is used but has no driver.
Warning: Wire vajra_caravel_soc.\io_out [5] is used but has no driver.
Warning: Wire vajra_caravel_soc.\io_out [4] is used but has no driver.
Warning: Wire vajra_caravel_soc.\io_out [3] is used but has no driver.
Warning: Wire vajra_caravel_soc.\io_out [2] is used but has no driver.
Warning: Wire vajra_caravel_soc.\io_out [1] is used but has no driver.
Warning: Wire vajra_caravel_soc.\io_out [0] is used but has no driver.
Warning: Wire vajra_caravel_soc.\io_oeb [37] is used but has no driver.
Warning: Wire vajra_caravel_soc.\io_oeb [36] is used but has no driver.
Warning: Wire vajra_caravel_soc.\io_oeb [35] is used but has no driver.
Warning: Wire vajra_caravel_soc.\io_oeb [34] is used but has no driver.
Warning: Wire vajra_caravel_soc.\io_oeb [33] is used but has no driver.
Warning: Wire vajra_caravel_soc.\io_oeb [32] is used but has no driver.
Warning: Wire vajra_caravel_soc.\io_oeb [31] is used but has no driver.
Warning: Wire vajra_caravel_soc.\io_oeb [30] is used but has no driver.
Warning: Wire vajra_caravel_soc.\io_oeb [29] is used but has no driver.
Warning: Wire vajra_caravel_soc.\io_oeb [28] is used but has no driver.
Warning: Wire vajra_caravel_soc.\io_oeb [27] is used but has no driver.
Warning: Wire vajra_caravel_soc.\io_oeb [26] is used but has no driver.
Warning: Wire vajra_caravel_soc.\io_oeb [25] is used but has no driver.
Warning: Wire vajra_caravel_soc.\io_oeb [24] is used but has no driver.
Warning: Wire vajra_caravel_soc.\io_oeb [23] is used but has no driver.
Warning: Wire vajra_caravel_soc.\io_oeb [22] is used but has no driver.
Warning: Wire vajra_caravel_soc.\io_oeb [21] is used but has no driver.
Warning: Wire vajra_caravel_soc.\io_oeb [20] is used but has no driver.
Warning: Wire vajra_caravel_soc.\io_oeb [19] is used but has no driver.
Warning: Wire vajra_caravel_soc.\io_oeb [18] is used but has no driver.
Warning: Wire vajra_caravel_soc.\io_oeb [17] is used but has no driver.
Warning: Wire vajra_caravel_soc.\io_oeb [16] is used but has no driver.
Warning: Wire vajra_caravel_soc.\io_oeb [15] is used but has no driver.
Warning: Wire vajra_caravel_soc.\io_oeb [14] is used but has no driver.
Warning: Wire vajra_caravel_soc.\io_oeb [13] is used but has no driver.
Warning: Wire vajra_caravel_soc.\io_oeb [12] is used but has no driver.
Warning: Wire vajra_caravel_soc.\io_oeb [11] is used but has no driver.
Warning: Wire vajra_caravel_soc.\io_oeb [10] is used but has no driver.
Warning: Wire vajra_caravel_soc.\io_oeb [9] is used but has no driver.
Warning: Wire vajra_caravel_soc.\io_oeb [8] is used but has no driver.
Warning: Wire vajra_caravel_soc.\io_oeb [7] is used but has no driver.
Warning: Wire vajra_caravel_soc.\io_oeb [6] is used but has no driver.
Warning: Wire vajra_caravel_soc.\io_oeb [5] is used but has no driver.
Warning: Wire vajra_caravel_soc.\io_oeb [4] is used but has no driver.
Warning: Wire vajra_caravel_soc.\io_oeb [3] is used but has no driver.
Warning: Wire vajra_caravel_soc.\io_oeb [2] is used but has no driver.
Warning: Wire vajra_caravel_soc.\io_oeb [1] is used but has no driver.
Warning: Wire vajra_caravel_soc.\io_oeb [0] is used but has no driver.
Found and reported 76 problems.
