
===========================================================================
 report_power
============================================================================
======================= Fastest Corner ===================================

Group                  Internal  Switching    Leakage      Total
                          Power      Power      Power      Power (Watts)
----------------------------------------------------------------
Sequential             3.20e-05   6.98e-06   1.68e-07   3.92e-05  45.9%
Combinational          2.74e-05   1.88e-05   1.37e-08   4.62e-05  54.1%
Macro                  0.00e+00   0.00e+00   0.00e+00   0.00e+00   0.0%
Pad                    0.00e+00   0.00e+00   0.00e+00   0.00e+00   0.0%
----------------------------------------------------------------
Total                  5.95e-05   2.58e-05   1.82e-07   8.54e-05 100.0%
                          69.6%      30.2%       0.2%

======================= Slowest Corner ===================================

Group                  Internal  Switching    Leakage      Total
                          Power      Power      Power      Power (Watts)
----------------------------------------------------------------
Sequential             2.14e-05   4.51e-06   6.70e-07   2.66e-05  45.1%
Combinational          1.95e-05   1.22e-05   6.61e-07   3.23e-05  54.9%
Macro                  0.00e+00   0.00e+00   0.00e+00   0.00e+00   0.0%
Pad                    0.00e+00   0.00e+00   0.00e+00   0.00e+00   0.0%
----------------------------------------------------------------
Total                  4.09e-05   1.67e-05   1.33e-06   5.89e-05 100.0%
                          69.4%      28.3%       2.3%

======================= Typical Corner ===================================

Group                  Internal  Switching    Leakage      Total
                          Power      Power      Power      Power (Watts)
----------------------------------------------------------------
Sequential             2.77e-05   5.81e-06   1.68e-07   3.37e-05  45.8%
Combinational          2.41e-05   1.58e-05   1.30e-08   3.99e-05  54.2%
Macro                  0.00e+00   0.00e+00   0.00e+00   0.00e+00   0.0%
Pad                    0.00e+00   0.00e+00   0.00e+00   0.00e+00   0.0%
----------------------------------------------------------------
Total                  5.18e-05   2.16e-05   1.81e-07   7.35e-05 100.0%
                          70.4%      29.3%       0.2%

